================================================================
Program: CD-HIT, V4.7 (+OpenMP), Sep 06 2018, 09:36:42
Command: /data5/data/NGS-ann-project/apps/cd-hit/cd-hit -i
         1547554387.fas.0 -d 0 -o 1547554387.fas.1 -c 0.9 -n 5
         -G 1 -g 1 -b 20 -l 10 -s 0.0 -aL 0.0 -aS 0.0 -T 4 -M
         32000

Started: Tue Jan 15 04:13:08 2019
================================================================
                            Output                              
----------------------------------------------------------------
total seq: 497
longest and shortest : 1427 and 184
Total letters: 301602
Sequences have been sorted

Approximated minimal memory consumption:
Sequence        : 0M
Buffer          : 4 X 10M = 43M
Table           : 2 X 65M = 130M
Miscellaneous   : 0M
Total           : 174M

Table limit with the given memory limit:
Max number of representatives: 4000000
Max number of word counting entries: 3978214685

# comparing sequences from          0  to        497
---------- new table with      268 representatives

      497  finished        268  clusters

Apprixmated maximum memory consumption: 175M
writing new database
writing clustering information
program completed !

Total CPU time 1.11
