#                                                                 --- full sequence ---- --- best 1 domain ---- --- domain number estimation ----
# target name        accession  query name             accession    E-value  score  bias   E-value  score  bias   exp reg clu  ov env dom rep inc description of target
#------------------- ----------   -------------------- ---------- --------- ------ ----- --------- ------ -----   --- --- --- --- --- --- --- --- ---------------------
NP_149109.1          -          muscle_uniref90_100_90 -           5.4e-247  817.0   0.0  6.4e-247  816.8   0.0   1.0   1   0   0   1   1   1   1 Q9H1R3 CAMK MLCK
NP_444253.3          -          muscle_uniref90_100_90 -           2.1e-101  335.0   0.4  2.1e-101  335.0   0.4   3.2   3   1   0   3   3   1   1 Q15746 CAMK MLCK
NP_055141.2          -          muscle_uniref90_100_90 -            4.1e-72  238.1   0.1   5.3e-72  237.7   0.1   1.0   1   0   0   1   1   1   1 Q9UIK4 CAMK DAPK
NP_004929.2          -          muscle_uniref90_100_90 -            3.4e-69  228.4   0.1   4.3e-69  228.1   0.1   1.1   1   0   0   1   1   1   1 P53355 CAMK DAPK
NP_001339.1          -          muscle_uniref90_100_90 -            3.7e-69  228.3   0.0   4.8e-69  227.9   0.0   1.1   1   0   0   1   1   1   1 O43293 CAMK DAPK
NP_004751.2          -          muscle_uniref90_100_90 -            1.1e-67  223.4   0.1   2.6e-67  222.1   0.0   1.5   1   1   0   1   1   1   1 Q9UEE5 CAMK DAPK
NP_002944.2          -          muscle_uniref90_100_90 -            1.8e-63  209.4   0.0   8.3e-38  124.5   0.0   2.0   2   0   0   2   2   2   2 Q15418 AGC RSK
NP_004217.1          -          muscle_uniref90_100_90 -            2.5e-61  202.4   0.0   3.8e-61  201.7   0.0   1.2   1   0   0   1   1   1   1 O94768 CAMK DAPK
NP_004577.1          -          muscle_uniref90_100_90 -            9.3e-60  197.2   0.1   4.1e-35  115.6   0.0   2.2   2   0   0   2   2   2   2 P51812 AGC RSK
NP_066958.2          -          muscle_uniref90_100_90 -            1.1e-58  193.7   0.0   6.9e-35  114.8   0.0   2.0   2   0   0   2   2   2   2 Q15349 AGC RSK
NP_055311.1          -          muscle_uniref90_100_90 -            1.1e-55  183.6   0.0   4.2e-29   95.7   0.0   2.0   2   0   0   2   2   2   2 Q9UK32 AGC RSK
NP_004746.2          -          muscle_uniref90_100_90 -            9.7e-54  177.2   2.7   2.2e-36  119.8   0.0   2.5   3   0   0   3   3   2   2 O75582 AGC RSK
NP_006733.1          -          muscle_uniref90_100_90 -              4e-49  162.0   0.0   5.2e-49  161.6   0.0   1.0   1   0   0   1   1   1   1 P11801 CAMK PSK
NP_065130.1          -          muscle_uniref90_100_90 -            7.5e-49  161.0   0.0   9.1e-49  160.8   0.0   1.0   1   0   0   1   1   1   1 Q8IU85-2 CAMK CAMK1
NP_001735.1          -          muscle_uniref90_100_90 -            1.2e-47  157.0   0.0   1.7e-47  156.6   0.0   1.1   1   0   0   1   1   1   1 Q16566 CAMK CAMK1
NP_003933.1          -          muscle_uniref90_100_90 -            7.5e-47  154.4   0.0   7.2e-34  111.4   0.0   2.1   2   0   0   2   2   2   2 O75676 AGC RSK
NP_003647.1          -          muscle_uniref90_100_90 -            3.1e-45  149.1   0.0   3.8e-45  148.8   0.0   1.0   1   0   0   1   1   1   1 Q14012 CAMK CAMK1
NP_149117.1          -          muscle_uniref90_100_90 -            3.8e-45  148.8   0.0   4.7e-45  148.5   0.0   1.0   1   0   0   1   1   1   1 Q96QS6 CAMK PSK
NP_009049.2          -          muscle_uniref90_100_90 -            4.6e-41  135.3   0.0   4.6e-41  135.3   0.0   2.4   3   0   0   3   3   2   1 O75962 CAMK Trio
NP_741960.1          -          muscle_uniref90_100_90 -            1.1e-40  134.0   0.0   1.5e-40  133.6   0.0   1.0   1   0   0   1   1   1   1 Q9UQM7 CAMK CAMK2
NP_065172.1          -          muscle_uniref90_100_90 -            3.1e-40  132.5   0.1     4e-40  132.2   0.1   1.1   1   0   0   1   1   1   1 Q96NX5 CAMK CAMK1
NP_742075.1          -          muscle_uniref90_100_90 -              7e-40  131.3   0.0     1e-39  130.8   0.0   1.1   1   0   0   1   1   1   1 Q13554-2 CAMK CAMK2
NP_001212.2          -          muscle_uniref90_100_90 -            5.4e-39  128.4   0.0   6.9e-39  128.1   0.0   1.1   1   0   0   1   1   1   1 Q13557 CAMK CAMK2
NP_005804.1          -          muscle_uniref90_100_90 -            9.1e-39  127.7   0.0   1.3e-38  127.1   0.0   1.1   1   0   0   1   1   1   1 O94806 CAMK PKD
NP_004725.1          -          muscle_uniref90_100_90 -            4.7e-37  122.0   0.0   9.1e-37  121.0   0.0   1.3   1   1   0   1   1   1   1 O15075-2 CAMK DCAMKL
NP_001073349.1       -          muscle_uniref90_100_90 -              5e-37  121.9   0.0   5.9e-37  121.7   0.0   1.1   1   0   0   1   1   1   1 Q9BZL6 CAMK PKD
NP_076951.2          -          muscle_uniref90_100_90 -            1.1e-36  120.8   0.0   1.3e-36  120.5   0.0   1.0   1   0   0   1   1   1   1 Q8NCB2 CAMK CAMK-Unique
NP_112168.1          -          muscle_uniref90_100_90 -            7.2e-36  118.1   1.4   7.2e-36  118.1   1.4   2.0   1   1   0   1   1   1   1 Q9BYT3 CAMK CAMK-Unique
NP_006204.1          -          muscle_uniref90_100_90 -            2.5e-35  116.3   0.0   3.3e-35  115.9   0.0   1.0   1   0   0   1   1   1   1 Q16816 CAMK PHK
NP_060042.2          -          muscle_uniref90_100_90 -            1.4e-34  113.8   0.0   2.3e-34  113.1   0.0   1.3   1   1   0   1   1   1   1 Q9HBH9-2 CAMK MAPKAPK
NP_009125.1          -          muscle_uniref90_100_90 -            3.7e-34  112.4   0.0   3.7e-34  112.4   0.0   1.7   2   0   0   2   2   2   1 O96017 CAMK RAD53
NP_004626.1          -          muscle_uniref90_100_90 -              3e-31  102.8   0.0   4.4e-31  102.2   0.0   1.1   1   0   0   1   1   1   1 Q16644 CAMK MAPKAPK
NP_004750.1          -          muscle_uniref90_100_90 -            3.1e-30   99.4   0.0     4e-30   99.1   0.0   1.0   1   0   0   1   1   1   1 P49137-2 CAMK MAPKAPK
NP_055655.1          -          muscle_uniref90_100_90 -            3.3e-30   99.3   1.2   1.2e-29   97.5   0.0   1.9   2   0   0   2   2   2   1 O60285 CAMK CAMKL
NP_003659.2          -          muscle_uniref90_100_90 -            1.5e-29   97.1   0.0   5.5e-28   92.0   0.0   2.7   2   1   0   2   2   2   1 Q8IW41-2 CAMK MAPKAPK
NP_003675.2          -          muscle_uniref90_100_90 -            2.8e-29   96.3   0.1   1.1e-23   77.8   0.0   2.3   2   1   0   2   2   2   2 Q9BUB5 CAMK MAPKAPK
NP_000285.1          -          muscle_uniref90_100_90 -            3.5e-29   95.9   0.0     5e-29   95.4   0.0   1.1   1   0   0   1   1   1   1 P15735 CAMK PHK
NP_055079.3          -          muscle_uniref90_100_90 -            7.5e-29   94.8   0.0   7.5e-29   94.8   0.0   1.9   2   0   0   2   2   2   1 O00444 Other PLK
NP_006242.5          -          muscle_uniref90_100_90 -            6.9e-28   91.6   0.0   1.1e-27   91.0   0.0   1.2   1   0   0   1   1   1   1 Q13131 CAMK CAMKL
NP_004208.2          -          muscle_uniref90_100_90 -            2.4e-27   89.8   0.0   3.1e-27   89.5   0.0   1.0   1   0   0   1   1   1   1 Q96GD4 Other Aur
NP_940836.1          -          muscle_uniref90_100_90 -            8.5e-27   88.0   0.1   1.9e-26   86.9   0.1   1.4   1   1   0   1   1   1   1 O14965 Other Aur
NP_001015879.1       -          muscle_uniref90_100_90 -            4.3e-26   85.7   0.0   5.4e-26   85.4   0.0   1.0   1   0   0   1   1   1   1 Q9UQB9-3 Other Aur
NP_006243.2          -          muscle_uniref90_100_90 -              5e-26   85.5   0.0   6.8e-26   85.0   0.0   1.0   1   0   0   1   1   1   1 P54646 CAMK CAMKL
NP_001617.1          -          muscle_uniref90_100_90 -            4.3e-25   82.4   0.0   5.2e-25   82.1   0.0   1.0   1   0   0   1   1   1   1 P31751 AGC Akt
NP_005456.1          -          muscle_uniref90_100_90 -            1.3e-24   80.8   0.1   1.7e-24   80.4   0.1   1.1   1   0   0   1   1   1   1 Q9Y243 AGC Akt
NP_055606.1          -          muscle_uniref90_100_90 -            1.7e-24   80.5   0.0   1.7e-24   80.5   0.0   1.5   2   0   0   2   2   1   1 Q14680 CAMK CAMKL
NP_001014431.1       -          muscle_uniref90_100_90 -            1.8e-24   80.3   0.0   2.3e-24   80.0   0.0   1.1   1   0   0   1   1   1   1 P31749 AGC Akt
NP_003556.1          -          muscle_uniref90_100_90 -            3.8e-24   79.3   0.0   5.9e-24   78.6   0.0   1.1   1   0   0   1   1   1   1 O75385 Other ULK
NP_001004106.1       -          muscle_uniref90_100_90 -            5.3e-24   78.8   0.0   7.7e-24   78.3   0.0   1.1   1   0   0   1   1   1   1 P43250 AGC GRK
NP_005618.2          -          muscle_uniref90_100_90 -            2.2e-23   76.7   0.0   2.8e-23   76.4   0.0   1.0   1   0   0   1   1   1   1 O00141 AGC SGK
NP_006247.1          -          muscle_uniref90_100_90 -            2.6e-23   76.5   0.0   4.9e-23   75.6   0.0   1.4   1   0   0   1   1   1   1 Q16513 AGC PKN
NP_733794.1          -          muscle_uniref90_100_90 -            4.2e-23   75.8   0.0   5.1e-23   75.5   0.0   1.0   1   0   0   1   1   1   1 Q9HBY8-2 AGC SGK
NP_006613.2          -          muscle_uniref90_100_90 -              5e-23   75.5   0.0   8.4e-23   74.8   0.0   1.3   1   0   0   1   1   1   1 Q9NYY3 Other PLK
NP_002568.2          -          muscle_uniref90_100_90 -            9.2e-23   74.7   0.0   1.2e-22   74.3   0.0   1.2   1   0   0   1   1   1   1 Q13177 STE STE20
NP_892027.2          -          muscle_uniref90_100_90 -            9.7e-23   74.6   0.0   1.4e-22   74.1   0.0   1.1   1   0   0   1   1   1   1 P32298 AGC GRK
NP_002723.2          -          muscle_uniref90_100_90 -            1.4e-22   74.1   0.0   1.8e-22   73.7   0.0   1.0   1   0   0   1   1   1   1 P22612 AGC PKA
NP_699192.1          -          muscle_uniref90_100_90 -            2.6e-22   73.2   0.1   3.5e-22   72.7   0.1   1.1   1   0   0   1   1   1   1 Q8IY84 CAMK CAMKL
NP_005035.1          -          muscle_uniref90_100_90 -            2.7e-22   73.1   0.0   3.1e-22   72.9   0.0   1.0   1   0   0   1   1   1   1 P51817 AGC PKA
NP_006248.1          -          muscle_uniref90_100_90 -            4.3e-22   72.5   0.2     6e-22   72.0   0.2   1.1   1   0   0   1   1   1   1 Q04759 AGC PKC
NP_002729.2          -          muscle_uniref90_100_90 -            5.9e-22   72.0   0.1   8.4e-22   71.5   0.1   1.1   1   0   0   1   1   1   1 P05771-2 AGC PKC
NP_001028750.1       -          muscle_uniref90_100_90 -            8.8e-22   71.4   0.0   1.2e-21   71.0   0.0   1.1   1   0   0   1   1   1   1 Q96BR1 AGC SGK
NP_002728.1          -          muscle_uniref90_100_90 -            9.7e-22   71.3   0.1   1.3e-21   70.9   0.1   1.1   1   0   0   1   1   1   1 P17252 AGC PKC
NP_005299.1          -          muscle_uniref90_100_90 -              1e-21   71.2   0.0   1.5e-21   70.7   0.0   1.1   1   0   0   1   1   1   1 P34947 AGC GRK
NP_002604.1          -          muscle_uniref90_100_90 -            2.5e-21   69.9   0.0   3.4e-21   69.5   0.0   1.1   1   0   0   1   1   1   1 O15530 AGC PDK1
NP_113605.2          -          muscle_uniref90_100_90 -            2.5e-21   69.9   0.6   3.7e-21   69.4   0.0   1.5   2   0   0   2   2   1   1 Q96L34-2 CAMK CAMKL
NP_002722.1          -          muscle_uniref90_100_90 -            2.7e-21   69.8   0.0   3.4e-21   69.5   0.0   1.0   1   0   0   1   1   1   1 P22694 AGC PKA
NP_002721.1          -          muscle_uniref90_100_90 -            3.2e-21   69.6   0.0   4.1e-21   69.2   0.0   1.1   1   0   0   1   1   1   1 P17612 AGC PKA
NP_064553.1          -          muscle_uniref90_100_90 -            3.6e-21   69.4   0.0   5.3e-21   68.8   0.0   1.1   1   0   0   1   1   1   1 Q9NQU5 STE STE20
NP_002569.1          -          muscle_uniref90_100_90 -            3.8e-21   69.3   7.0   4.8e-20   65.7   7.1   2.0   1   1   0   1   1   1   1 O75914-2 STE STE20
NP_443073.1          -          muscle_uniref90_100_90 -            4.8e-21   69.0   0.0   5.7e-21   68.7   0.0   1.0   1   0   0   1   1   1   1 Q96PN8 CAMK TSSK
NP_002567.3          -          muscle_uniref90_100_90 -            5.6e-21   68.8   6.3   8.1e-21   68.2   0.0   2.1   2   0   0   2   2   2   1 Q13153 STE STE20
NP_055401.1          -          muscle_uniref90_100_90 -            5.7e-21   68.7   0.0   9.5e-21   68.0   0.0   1.3   1   0   0   1   1   1   1 P57058 CAMK CAMKL
NP_006600.3          -          muscle_uniref90_100_90 -            6.5e-21   68.6   0.0   1.1e-20   67.8   0.0   1.3   1   0   0   1   1   1   1 Q9Y2U5 STE STE11
NP_775490.2          -          muscle_uniref90_100_90 -            7.2e-21   68.4   0.0   9.8e-21   68.0   0.0   1.1   1   0   0   1   1   1   1 P57059 CAMK CAMKL
NP_002732.3          -          muscle_uniref90_100_90 -            7.3e-21   68.4   0.0   1.3e-20   67.6   0.0   1.3   1   0   0   1   1   1   1 Q16512 AGC PKN
NP_115806.1          -          muscle_uniref90_100_90 -            8.6e-21   68.2   0.0   1.2e-20   67.6   0.0   1.1   1   0   0   1   1   1   1 Q8TDC3 CAMK CAMKL
NP_004064.2          -          muscle_uniref90_100_90 -            9.9e-21   67.9   0.0   1.3e-20   67.5   0.0   1.1   1   0   0   1   1   1   1 Q9H4B4 Other PLK
NP_002392.2          -          muscle_uniref90_100_90 -            1.7e-20   67.2   0.0   2.5e-20   66.6   0.0   1.2   1   0   0   1   1   1   1 Q99759 STE STE11
NP_954983.1          -          muscle_uniref90_100_90 -            1.7e-20   67.2   0.0   1.7e-20   67.2   0.0   2.2   2   0   0   2   2   1   1 Q6P3R8 Other NEK
NP_056006.1          -          muscle_uniref90_100_90 -            2.4e-20   66.7   0.0   2.4e-20   66.7   0.0   2.0   2   0   0   2   2   1   1 Q9H0K1 CAMK CAMKL
NP_079328.3          -          muscle_uniref90_100_90 -              4e-20   66.0   0.0     4e-20   66.0   0.0   3.0   3   1   0   3   3   1   1 Q56UN5 STE STE11
NP_002730.1          -          muscle_uniref90_100_90 -            6.2e-20   65.3   0.0   8.7e-20   64.8   0.0   1.1   1   0   0   1   1   1   1 P05129 AGC PKC
NP_003152.1          -          muscle_uniref90_100_90 -            7.9e-20   65.0   0.0   1.1e-19   64.5   0.0   1.0   1   0   0   1   1   1   1 P23443 AGC RSK
NP_037487.2          -          muscle_uniref90_100_90 -            3.2e-19   63.0   0.0     6e-19   62.1   0.0   1.3   1   0   0   1   1   1   1 Q6P5Z2 AGC PKN
NP_006246.2          -          muscle_uniref90_100_90 -            3.9e-19   62.7   0.1   5.3e-19   62.2   0.1   1.1   1   0   0   1   1   1   1 P24723 AGC PKC
NP_006250.1          -          muscle_uniref90_100_90 -              4e-19   62.6   0.0     4e-19   62.6   0.0   1.4   2   0   0   2   2   1   1 Q13237 AGC PKG
NP_006272.2          -          muscle_uniref90_100_90 -            5.9e-19   62.1   0.0   5.9e-19   62.1   0.0   2.5   1   1   0   2   2   1   1 Q13188 STE STE20
NP_997704.1          -          muscle_uniref90_100_90 -            8.4e-19   61.6   0.1   1.2e-18   61.1   0.1   1.1   1   0   0   1   1   1   1 Q05655 AGC PKC
NP_000446.1          -          muscle_uniref90_100_90 -            1.6e-18   60.7   0.0   2.2e-18   60.2   0.0   1.1   1   0   0   1   1   1   1 Q15831 CAMK CAMKL
NP_003948.2          -          muscle_uniref90_100_90 -            1.9e-18   60.4   0.0   2.8e-18   59.8   0.0   1.1   1   0   0   1   1   1   1 Q8IWQ3-3 CAMK CAMKL
NP_001777.1          -          muscle_uniref90_100_90 -            2.4e-18   60.1   0.0   1.7e-14   47.3   0.0   2.0   2   0   0   2   2   2   2 P06493 CMGC CDK
NP_055212.2          -          muscle_uniref90_100_90 -            2.7e-18   59.9   0.0   3.5e-18   59.5   0.0   1.0   1   0   0   1   1   1   1 Q9HC98 Other NEK
NP_598001.1          -          muscle_uniref90_100_90 -            3.3e-18   59.6   0.0   4.1e-18   59.3   0.0   1.0   1   0   0   1   1   1   1 Q8TDX7 Other NEK
NP_006273.1          -          muscle_uniref90_100_90 -            4.4e-18   59.2   0.0   4.4e-18   59.2   0.0   2.3   1   1   1   2   2   1   1 Q13043 STE STE20
NP_817127.1          -          muscle_uniref90_100_90 -            4.5e-18   59.2   0.0   7.4e-18   58.4   0.0   1.2   1   0   0   1   1   1   1 Q9P286 STE STE20
NP_006249.1          -          muscle_uniref90_100_90 -            4.9e-18   59.0   0.0   8.2e-18   58.3   0.0   1.3   1   0   0   1   1   1   1 Q13976-2 AGC PKG
NP_055815.1          -          muscle_uniref90_100_90 -            1.2e-17   57.8   0.7   9.6e-09   28.3   0.3   2.2   2   0   0   2   2   2   2 Q9Y2H1 AGC NDR
NP_001886.1          -          muscle_uniref90_100_90 -            1.2e-17   57.7   0.2   3.5e-14   46.3   0.1   2.0   2   0   0   2   2   2   2 P68400 CMGC CK2
NP_002920.1          -          muscle_uniref90_100_90 -            1.2e-17   57.7   0.0   1.7e-17   57.3   0.0   1.1   1   0   0   1   1   1   1 Q15835 AGC GRK
NP_001269.3          -          muscle_uniref90_100_90 -            1.3e-17   57.7   0.0   1.9e-17   57.1   0.0   1.1   1   0   0   1   1   1   1 O15111 Other IKK
NP_005148.2          -          muscle_uniref90_100_90 -            1.7e-17   57.2   0.1   1.7e-17   57.2   0.1   2.2   2   0   0   2   2   1   1 P00519 TK Abl
NP_002960.2          -          muscle_uniref90_100_90 -            2.7e-17   56.6   0.0   8.3e-16   51.6   0.0   2.0   1   1   0   1   1   1   1 P53778 CMGC MAPK
NP_009298.1          -          muscle_uniref90_100_90 -            3.2e-17   56.3   0.0     8e-17   55.0   0.0   1.6   1   0   0   1   1   1   1 P42684 TK Abl
NP_005391.1          -          muscle_uniref90_100_90 -            3.5e-17   56.2   0.0   5.7e-17   55.5   0.0   1.2   1   0   0   1   1   1   1 Q02156 AGC PKC
NP_005021.2          -          muscle_uniref90_100_90 -            5.2e-17   55.6   0.0   6.8e-17   55.2   0.0   1.0   1   0   0   1   1   1   1 P53350 Other PLK
NP_002736.3          -          muscle_uniref90_100_90 -            6.5e-17   55.3   0.0   7.6e-16   51.8   0.0   1.9   2   0   0   2   2   2   1 P28482 CMGC MAPK
NP_001019572.1       -          muscle_uniref90_100_90 -            6.9e-17   55.2   0.0   9.3e-17   54.8   0.0   1.0   1   0   0   1   1   1   1 Q52WX2 Other NKF1
NP_001789.2          -          muscle_uniref90_100_90 -            6.9e-17   55.2   0.0   2.5e-15   50.1   0.0   2.0   2   0   0   2   2   2   1 P24941 CMGC CDK
NP_009202.1          -          muscle_uniref90_100_90 -            7.2e-17   55.2   1.4   1.7e-08   27.5   0.0   2.3   2   1   0   2   2   2   2 Q15208 AGC NDR
NP_005897.1          -          muscle_uniref90_100_90 -            8.3e-17   55.0   0.0   5.1e-16   52.4   0.0   1.9   2   0   0   2   2   2   1 P20794 CMGC RCK
NP_002101.2          -          muscle_uniref90_100_90 -              1e-16   54.6   0.0   1.4e-16   54.2   0.0   1.1   1   0   0   1   1   1   1 P08631 TK Src
NP_055535.2          -          muscle_uniref90_100_90 -            1.2e-16   54.5   0.1   1.2e-16   54.5   0.1   6.0   2   2   2   5   5   1   1 Q9H2G2 STE STE20
NP_835464.1          -          muscle_uniref90_100_90 -            1.5e-16   54.1   0.1     2e-16   53.7   0.1   1.0   1   0   0   1   1   1   1 Q86SG6 Other NEK
NP_005347.3          -          muscle_uniref90_100_90 -            1.5e-16   54.1   0.0     2e-16   53.7   0.0   1.0   1   0   0   1   1   1   1 P06239 TK Src
NP_054721.1          -          muscle_uniref90_100_90 -            1.8e-16   53.8   0.0   2.8e-16   53.2   0.0   1.2   1   0   0   1   1   1   1 Q14164 Other IKK
NP_005875.1          -          muscle_uniref90_100_90 -            1.9e-16   53.7   0.0   2.9e-16   53.2   0.0   1.1   1   0   0   1   1   1   1 O96013 STE STE20
NP_004400.4          -          muscle_uniref90_100_90 -            2.3e-16   53.5   0.1   6.6e-16   52.0   0.0   1.6   2   0   0   2   2   1   1 Q09013-9 AGC DMPK
NP_003168.2          -          muscle_uniref90_100_90 -            4.3e-16   52.6   0.0   5.8e-16   52.2   0.0   1.1   1   0   0   1   1   1   1 P43405 TK Syk
NP_001887.1          -          muscle_uniref90_100_90 -            5.4e-16   52.3   0.6   1.3e-13   44.4   0.2   2.0   2   0   0   2   2   2   1 P19784 CMGC CK2
NP_006540.3          -          muscle_uniref90_100_90 -            5.5e-16   52.2   0.0   8.1e-16   51.7   0.0   1.1   1   0   0   1   1   1   1 Q96RR4 Other CAMKK
NP_115670.1          -          muscle_uniref90_100_90 -            7.1e-16   51.9   0.0   9.4e-16   51.5   0.0   1.1   1   0   0   1   1   1   1 Q8N5S9 Other CAMKK
NP_001706.2          -          muscle_uniref90_100_90 -              8e-16   51.7   0.0   1.1e-15   51.3   0.0   1.1   1   0   0   1   1   1   1 P51451 TK Src
NP_055927.2          -          muscle_uniref90_100_90 -            9.8e-16   51.4   0.0     4e-15   49.4   0.0   1.7   1   1   0   1   1   1   1 Q6P0Q8 AGC MAST
NP_057597.2          -          muscle_uniref90_100_90 -            1.2e-15   51.1   0.0   1.8e-15   50.6   0.0   1.1   1   0   0   1   1   1   1 Q9UPZ9 CMGC RCK
NP_002028.1          -          muscle_uniref90_100_90 -            1.4e-15   51.0   0.0   1.8e-15   50.6   0.0   1.0   1   0   0   1   1   1   1 P06241 TK Src
NP_001306.1          -          muscle_uniref90_100_90 -            2.1e-15   50.3   0.0   3.7e-14   46.2   0.0   2.0   2   0   0   2   2   2   1 Q16539-2 CMGC MAPK
NP_003939.1          -          muscle_uniref90_100_90 -            2.1e-15   50.3   0.3   2.1e-15   50.3   0.3   1.9   2   0   0   2   2   2   1 Q92772 CMGC CDKL
NP_001547.1          -          muscle_uniref90_100_90 -            2.1e-15   50.3   0.0   3.6e-15   49.6   0.0   1.2   1   0   0   1   1   1   1 O14920 Other IKK
NP_114426.1          -          muscle_uniref90_100_90 -            2.2e-15   50.3   0.0   2.8e-15   49.9   0.0   1.1   1   0   0   1   1   1   1 Q9BXA6 CAMK TSSK
NP_037386.1          -          muscle_uniref90_100_90 -            2.6e-15   50.0   0.0   3.9e-15   49.4   0.0   1.1   1   0   0   1   1   1   1 Q9UHD2 Other IKK
NP_036527.1          -          muscle_uniref90_100_90 -            3.6e-15   49.5   0.1   4.4e-14   45.9   0.0   2.0   2   0   0   2   2   2   1 O94921-2 CMGC CDK
NP_002341.1          -          muscle_uniref90_100_90 -            4.4e-15   49.2   0.0   5.9e-15   48.8   0.0   1.1   1   0   0   1   1   1   1 P07948 TK Src
NP_005195.2          -          muscle_uniref90_100_90 -            4.7e-15   49.2   0.2   7.3e-15   48.5   0.0   1.3   2   0   0   2   2   1   1 P41279 STE STE-Unique
NP_005913.2          -          muscle_uniref90_100_90 -              8e-15   48.4   1.1   1.2e-14   47.9   0.0   1.7   2   0   0   2   2   1   1 Q9Y6R4 STE STE11
NP_002745.1          -          muscle_uniref90_100_90 -              1e-14   48.0   0.0   3.1e-13   43.2   0.0   2.0   2   0   0   2   2   2   1 O15264 CMGC MAPK
NP_057737.2          -          muscle_uniref90_100_90 -            1.1e-14   48.0   0.0   1.8e-14   47.3   0.0   1.2   1   0   0   1   1   1   1 Q9NYL2 TKL MLK
NP_055963.2          -          muscle_uniref90_100_90 -            1.2e-14   47.9   0.0   1.7e-14   47.3   0.0   1.1   1   0   0   1   1   1   1 Q96RG2 CAMK CAMKL
NP_002737.2          -          muscle_uniref90_100_90 -            1.6e-14   47.4   0.0   4.3e-14   46.0   0.0   1.6   2   0   0   2   2   2   1 P27361 CMGC MAPK
NP_002437.2          -          muscle_uniref90_100_90 -            1.7e-14   47.4   0.0     3e-14   46.5   0.0   1.3   1   0   0   1   1   1   1 Q02779 TKL MLK
NP_003943.2          -          muscle_uniref90_100_90 -            2.1e-14   47.0   0.0   2.6e-14   46.7   0.0   1.0   1   0   0   1   1   1   1 Q9UBS0 AGC RSK
NP_055790.1          -          muscle_uniref90_100_90 -            2.2e-14   46.9   0.2     1e-13   44.7   0.0   2.1   2   1   0   2   2   1   1 Q9Y2H9 AGC MAST
NP_002735.3          -          muscle_uniref90_100_90 -            2.3e-14   46.9   0.0     3e-14   46.5   0.0   1.1   1   0   0   1   1   1   1 Q05513 AGC PKC
NP_002489.1          -          muscle_uniref90_100_90 -            2.3e-14   46.9   2.9   3.1e-14   46.4   0.0   1.9   2   0   0   2   2   2   1 P51956 Other NEK
NP_003836.1          -          muscle_uniref90_100_90 -            2.8e-14   46.6   0.5   2.8e-14   46.6   0.5   2.8   2   1   0   2   2   2   1 Q9NR20 CMGC DYRK
NP_004712.1          -          muscle_uniref90_100_90 -              3e-14   46.5   3.1   7.6e-14   45.2   0.0   2.3   2   0   0   2   2   2   1 O43283 TKL MLK
NP_149132.2          -          muscle_uniref90_100_90 -            3.1e-14   46.4   0.0   5.6e-14   45.6   0.0   1.3   1   0   0   1   1   1   1 P80192-4 TKL MLK
NP_620590.2          -          muscle_uniref90_100_90 -            3.2e-14   46.4   0.0   3.3e-11   36.4   0.0   2.1   2   0   0   2   2   2   1 Q8TD08 CMGC MAPK
NP_000052.1          -          muscle_uniref90_100_90 -            3.7e-14   46.2   0.1   5.3e-14   45.7   0.1   1.1   1   0   0   1   1   1   1 Q06187 TK Tec
NP_001036194.1       -          muscle_uniref90_100_90 -            4.1e-14   46.0   0.0   5.6e-14   45.6   0.0   1.0   1   0   0   1   1   1   1 P09769 TK Src
NP_005966.1          -          muscle_uniref90_100_90 -            4.2e-14   46.0   0.0   5.8e-14   45.5   0.0   1.1   1   0   0   1   1   1   1 Q13882 TK Src
NP_002410.1          -          muscle_uniref90_100_90 -            4.6e-14   45.9   0.0   6.6e-14   45.4   0.0   1.1   1   0   0   1   1   1   1 Q16584 TKL MLK
NP_060871.1          -          muscle_uniref90_100_90 -            6.1e-14   45.5   0.1   8.3e-14   45.0   0.1   1.1   1   0   0   1   1   1   1 Q9NY57 AGC YANK
NP_000066.1          -          muscle_uniref90_100_90 -            8.4e-14   45.0   0.0   1.8e-13   43.9   0.0   1.4   1   1   0   1   1   1   1 P11802 CMGC CDK
NP_002488.1          -          muscle_uniref90_100_90 -            8.8e-14   44.9   0.0   8.8e-14   44.9   0.0   1.9   1   1   1   2   2   1   1 P51955 Other NEK
NP_543013.1          -          muscle_uniref90_100_90 -              1e-13   44.7   0.0   1.3e-13   44.4   0.0   1.0   1   0   0   1   1   1   1 Q9H3Y6 TK Src
NP_001790.1          -          muscle_uniref90_100_90 -            1.1e-13   44.7   0.0   1.7e-13   44.0   0.0   1.2   1   0   0   1   1   1   1 P50613 CMGC CDK
NP_003609.2          -          muscle_uniref90_100_90 -            1.2e-13   44.6   0.3   8.6e-13   41.7   0.0   2.0   2   0   0   2   2   2   1 Q8IVH8 STE STE20
NP_997668.1          -          muscle_uniref90_100_90 -            1.2e-13   44.5   0.0   2.4e-11   36.9   0.0   2.0   2   0   0   2   2   2   1 Q07002-3 CMGC CDK
NP_001250.1          -          muscle_uniref90_100_90 -            1.7e-13   44.0   0.0   2.2e-12   40.3   0.0   2.0   2   0   0   2   2   2   1 Q00534 CMGC CDK
NP_002743.3          -          muscle_uniref90_100_90 -            2.1e-13   43.7   1.5     2e-10   33.9   0.3   2.3   2   1   0   2   2   2   2 P45984 CMGC MAPK
NP_003945.2          -          muscle_uniref90_100_90 -            2.1e-13   43.7   0.1   5.9e-13   42.2   0.0   1.7   2   0   0   2   2   1   1 Q99558 STE STE-Unique
NP_005424.1          -          muscle_uniref90_100_90 -            2.2e-13   43.6   0.0     3e-13   43.2   0.0   1.0   1   0   0   1   1   1   1 P07947 TK Src
NP_002739.1          -          muscle_uniref90_100_90 -            2.3e-13   43.6   1.3   6.8e-11   35.4   0.0   2.9   3   0   0   3   3   3   1 Q16659 CMGC MAPK
NP_004963.1          -          muscle_uniref90_100_90 -            2.8e-13   43.3   0.0   4.3e-13   42.7   0.0   1.1   1   0   0   1   1   1   1 O60674 TK JakA
NP_001027467.2       -          muscle_uniref90_100_90 -            2.9e-13   43.3   0.0   6.5e-13   42.1   0.0   1.5   1   1   0   1   1   1   1 Q9Y6E0-2 STE STE20
NP_002738.2          -          muscle_uniref90_100_90 -            3.4e-13   43.0   0.0   2.1e-11   37.1   0.0   2.1   2   0   0   2   2   2   1 P31152 CMGC MAPK
NP_006192.1          -          muscle_uniref90_100_90 -            3.4e-13   43.0   0.0   1.1e-11   37.9   0.0   2.0   2   0   0   2   2   2   1 Q00536 CMGC CDK
NP_114417.1          -          muscle_uniref90_100_90 -            4.2e-13   42.7   1.0   7.4e-13   41.9   0.0   1.6   1   1   0   1   1   1   1 Q9BXA7 CAMK TSSK
NP_005408.1          -          muscle_uniref90_100_90 -            6.9e-13   42.0   0.0   9.3e-13   41.6   0.0   1.1   1   0   0   1   1   1   1 P12931 TK Src
NP_004187.2          -          muscle_uniref90_100_90 -            7.6e-13   41.8   0.0   7.2e-12   38.6   0.0   1.8   2   0   0   2   2   2   1 Q00532 CMGC CDKL
NP_036422.3          -          muscle_uniref90_100_90 -            8.6e-13   41.7   0.0   8.6e-13   41.7   0.0   2.6   2   1   1   3   3   1   1 Q9UKI8 Other TLK
NP_001249.1          -          muscle_uniref90_100_90 -            9.3e-13   41.6   0.0   3.2e-11   36.5   0.0   2.0   2   0   0   2   2   2   1 Q00526 CMGC CDK
NP_006365.2          -          muscle_uniref90_100_90 -            9.6e-13   41.5   0.0   2.2e-12   40.3   0.0   1.6   1   1   0   1   1   1   1 O00506 STE STE20
NP_003984.2          -          muscle_uniref90_100_90 -              1e-12   41.4   0.1   6.1e-12   38.8   0.1   2.0   1   1   0   1   1   1   1 P49760-3 CMGC CLK
NP_057626.2          -          muscle_uniref90_100_90 -            1.3e-12   41.1   3.1   6.7e-12   38.7   0.0   2.1   2   0   0   2   2   2   1 Q9P289 STE STE20
NP_000206.2          -          muscle_uniref90_100_90 -            1.3e-12   41.1   0.0   1.9e-12   40.5   0.0   1.1   1   0   0   1   1   1   1 P52333 TK JakA
NP_631948.1          -          muscle_uniref90_100_90 -            1.3e-12   41.1   0.0   1.6e-12   40.7   0.0   1.1   1   0   0   1   1   1   1 Q8WTQ7 AGC GRK
NP_005914.1          -          muscle_uniref90_100_90 -            1.5e-12   40.9   0.0   2.5e-12   40.1   0.0   1.2   1   0   0   1   1   1   1 Q99683 STE STE11
NP_005537.3          -          muscle_uniref90_100_90 -            1.8e-12   40.6   0.0   2.4e-12   40.2   0.0   1.1   1   0   0   1   1   1   1 Q08881 TK Tec
NP_004926.1          -          muscle_uniref90_100_90 -            1.8e-12   40.6   0.0   1.3e-10   34.4   0.0   2.0   2   0   0   2   2   2   1 Q00535 CMGC CDK
NP_001034892.1       -          muscle_uniref90_100_90 -              2e-12   40.5   0.0   2.6e-12   40.1   0.0   1.2   1   0   0   1   1   1   1 Q8IZL9 CMGC CDK
NP_002586.2          -          muscle_uniref90_100_90 -            2.1e-12   40.4   0.0   3.2e-12   39.8   0.0   1.1   1   0   0   1   1   1   1 Q00537 CMGC CDK
NP_004705.1          -          muscle_uniref90_100_90 -            3.1e-12   39.8   0.1   5.9e-12   38.9   0.1   1.4   1   1   0   1   1   1   1 Q9Y463 CMGC DYRK
NP_777604.2          -          muscle_uniref90_100_90 -            4.2e-12   39.4   0.0   4.3e-10   32.7   0.0   2.0   2   0   0   2   2   2   1 Q6SA08 CAMK TSSK
NP_004094.3          -          muscle_uniref90_100_90 -            7.2e-12   38.6   0.2   1.2e-11   37.9   0.2   1.2   1   0   0   1   1   1   1 Q14289 TK FAK
NP_002744.1          -          muscle_uniref90_100_90 -            9.2e-12   38.3   0.8   4.8e-08   26.0   0.2   2.1   2   0   0   2   2   2   2 P53779-2 CMGC MAPK
NP_004062.2          -          muscle_uniref90_100_90 -            1.1e-11   38.0   0.6   7.4e-11   35.3   0.6   2.1   1   1   0   1   1   1   1 P49759 CMGC CLK
NP_009112.1          -          muscle_uniref90_100_90 -            1.2e-11   37.9   0.0   1.8e-11   37.3   0.0   1.1   1   0   0   1   1   1   1 Q92918 STE STE20
NP_065717.1          -          muscle_uniref90_100_90 -            1.2e-11   37.8   0.3   1.1e-10   34.6   0.3   2.3   2   1   0   2   2   1   1 Q9HAZ1 CMGC CLK
NP_006566.2          -          muscle_uniref90_100_90 -            1.6e-11   37.4   0.0   2.9e-11   36.6   0.0   1.3   1   0   0   1   1   1   1 Q9Y4K4 STE STE20
NP_055843.1          -          muscle_uniref90_100_90 -            1.7e-11   37.4   0.1   1.7e-11   37.4   0.1   3.6   3   1   0   3   3   2   1 Q9UKE5 STE STE20
NP_002750.1          -          muscle_uniref90_100_90 -            2.2e-11   37.0   0.1   1.9e-10   33.9   0.0   2.0   2   0   0   2   2   2   1 P19525 Other PEK
NP_001009565.1       -          muscle_uniref90_100_90 -            2.3e-11   37.0   0.0     3e-11   36.6   0.0   1.1   1   0   0   1   1   1   1 Q5MAI5-2 CMGC CDKL
NP_733763.1          -          muscle_uniref90_100_90 -            2.5e-11   36.8   0.0   2.5e-11   36.8   0.0   2.3   2   0   0   2   2   1   1 Q8N4C8-3 STE STE20
NP_569120.1          -          muscle_uniref90_100_90 -            2.6e-11   36.8   0.2   2.6e-11   36.8   0.2   2.3   2   0   0   2   2   1   1 Q13627-2 CMGC DYRK
NP_004374.1          -          muscle_uniref90_100_90 -            2.9e-11   36.6   0.0   3.9e-11   36.2   0.0   1.0   1   0   0   1   1   1   1 P41240 TK Csk
NP_002022.1          -          muscle_uniref90_100_90 -            3.5e-11   36.4   0.0   4.6e-11   35.9   0.0   1.0   1   0   0   1   1   1   1 P42685 TK Src
NP_003573.2          -          muscle_uniref90_100_90 -            3.8e-11   36.2   0.4   1.4e-09   31.0   0.0   2.2   2   0   0   2   2   2   1 O43781 CMGC DYRK
NP_114406.1          -          muscle_uniref90_100_90 -            4.3e-11   36.1   0.0   6.2e-11   35.5   0.0   1.1   1   0   0   1   1   1   1 Q8N2I9 CAMK SgK495
NP_002742.3          -          muscle_uniref90_100_90 -            4.3e-11   36.0   0.0   4.7e-10   32.6   0.0   2.0   2   0   0   2   2   2   1 Q15759 CMGC MAPK
NP_001070.2          -          muscle_uniref90_100_90 -            4.8e-11   35.9   0.0   6.5e-11   35.5   0.0   1.1   1   0   0   1   1   1   1 P43403 TK Syk
NP_004663.3          -          muscle_uniref90_100_90 -            5.6e-11   35.7   0.0   9.2e-11   35.0   0.0   1.2   1   0   0   1   1   1   1 O95382 STE STE11
NP_775846.2          -          muscle_uniref90_100_90 -              8e-11   35.2   0.0   1.3e-10   34.4   0.0   1.3   1   0   0   1   1   1   1 Q86UX6 AGC YANK
NP_055041.1          -          muscle_uniref90_100_90 -            8.5e-11   35.1   0.2   1.3e-09   31.1   0.0   2.0   2   0   0   2   2   2   1 Q9UQ07 CMGC RCK
NP_005226.1          -          muscle_uniref90_100_90 -            1.2e-10   34.6   0.0   1.7e-10   34.1   0.0   1.1   1   0   0   1   1   1   1 Q15303 TK EGFR
NP_004110.2          -          muscle_uniref90_100_90 -            1.4e-10   34.4   0.1   4.4e-09   29.4   0.0   2.0   2   0   0   2   2   2   1 P36888 TK PDGFR
NP_005224.2          -          muscle_uniref90_100_90 -            2.1e-10   33.7   0.0   3.3e-10   33.1   0.0   1.1   1   0   0   1   1   1   1 P29320 TK Eph
NP_938009.1          -          muscle_uniref90_100_90 -            2.3e-10   33.6   0.0   4.4e-10   32.7   0.0   1.3   1   0   0   1   1   1   1 Q86Z02 CMGC DYRK
NP_001010938.1       -          muscle_uniref90_100_90 -            2.3e-10   33.6   0.0   3.9e-10   32.9   0.0   1.2   1   0   0   1   1   1   1 Q07912-3 TK Ack
NP_653286.2          -          muscle_uniref90_100_90 -              4e-10   32.8   0.0   8.4e-10   31.8   0.0   1.4   1   1   0   1   1   1   1 Q8NE63 CMGC DYRK
NP_004431.1          -          muscle_uniref90_100_90 -            5.7e-10   32.3   0.0   8.8e-10   31.7   0.0   1.2   1   0   0   1   1   1   1 Q15375 TK Eph
NP_004422.2          -          muscle_uniref90_100_90 -            5.8e-10   32.3   0.0   7.9e-10   31.9   0.0   1.1   1   0   0   1   1   1   1 P29317 TK Eph
NP_002748.1          -          muscle_uniref90_100_90 -            5.8e-10   32.3   0.0   8.3e-10   31.8   0.0   1.2   1   0   0   1   1   1   1 Q13163-2 STE STE7
NP_002639.1          -          muscle_uniref90_100_90 -            7.2e-10   32.0   0.0   9.6e-10   31.6   0.0   1.2   1   0   0   1   1   1   1 P11309-2 CAMK PIM
NP_647612.1          -          muscle_uniref90_100_90 -            8.1e-10   31.8   0.0     1e-09   31.5   0.0   1.1   1   0   0   1   1   1   1 P42679 TK Csk
NP_059145.2          -          muscle_uniref90_100_90 -            1.2e-09   31.2   0.0   1.8e-09   30.7   0.0   1.1   1   0   0   1   1   1   1 P29323-2 TK Eph
NP_005202.2          -          muscle_uniref90_100_90 -            1.3e-09   31.2   0.1   2.9e-08   26.7   0.0   2.0   2   0   0   2   2   2   1 P07333 TK PDGFR
NP_004434.2          -          muscle_uniref90_100_90 -            1.3e-09   31.2   0.0   1.8e-09   30.7   0.0   1.1   1   0   0   1   1   1   1 P54753 TK Eph
NP_004435.3          -          muscle_uniref90_100_90 -            1.8e-09   30.6   0.0   2.6e-09   30.1   0.0   1.1   1   0   0   1   1   1   1 P54760 TK Eph
NP_079471.1          -          muscle_uniref90_100_90 -            1.8e-09   30.6   0.0   2.6e-09   30.2   0.0   1.1   1   0   0   1   1   1   1 Q96RU8 CAMK Trbl
NP_631897.1          -          muscle_uniref90_100_90 -            1.9e-09   30.6   0.0   3.7e-09   29.6   0.0   1.4   2   0   0   2   2   1   1 Q96Q40-4 CMGC CDK
NP_002746.1          -          muscle_uniref90_100_90 -            2.1e-09   30.5   0.1   1.1e-08   28.0   0.0   1.9   2   0   0   2   2   2   1 Q02750 STE STE7
NP_004681.1          -          muscle_uniref90_100_90 -            2.7e-09   30.1   0.0   1.4e-06   21.1   0.0   3.8   3   1   1   4   4   2   2 O95835 AGC NDR
NP_722560.1          -          muscle_uniref90_100_90 -            2.9e-09   30.0   0.0   4.4e-09   29.4   0.0   1.2   1   0   0   1   1   1   1 Q05397 TK FAK
NP_067675.1          -          muscle_uniref90_100_90 -            3.6e-09   29.7   0.0   3.7e-09   29.7   0.0   1.1   1   0   0   1   1   1   1 Q92519 CAMK Trbl
NP_659731.1          -          muscle_uniref90_100_90 -            3.8e-09   29.6   0.0   2.3e-08   27.0   0.0   1.8   2   0   0   2   2   2   1 P46734 STE STE7
NP_940867.2          -          muscle_uniref90_100_90 -            4.2e-09   29.5   0.0   4.2e-09   29.5   0.0   3.2   3   0   0   3   3   1   1 Q7Z2Y5 STE STE20
NP_005583.1          -          muscle_uniref90_100_90 -            5.1e-09   29.2   0.0     7e-09   28.7   0.0   1.1   1   0   0   1   1   1   1 O15146 TK Musk
NP_000213.1          -          muscle_uniref90_100_90 -            5.3e-09   29.1   0.0   9.4e-09   28.3   0.0   1.2   1   0   0   1   1   1   1 P10721 TK PDGFR
NP_004432.1          -          muscle_uniref90_100_90 -            5.7e-09   29.0   0.0   8.2e-09   28.5   0.0   1.1   1   0   0   1   1   1   1 P54762 TK Eph
NP_660186.1          -          muscle_uniref90_100_90 -            6.2e-09   28.9   0.0   8.2e-09   28.5   0.0   1.1   1   0   0   1   1   1   1 O14733 STE STE7
NP_001018074.1       -          muscle_uniref90_100_90 -              7e-09   28.7   0.0   9.1e-09   28.4   0.0   1.1   1   0   0   1   1   1   1 Q16620 TK Trk
NP_004429.1          -          muscle_uniref90_100_90 -            8.7e-09   28.4   0.0   1.3e-08   27.8   0.0   1.1   1   0   0   1   1   1   1 P54764 TK Eph
NP_005725.3          -          muscle_uniref90_100_90 -            8.9e-09   28.4   0.0   8.9e-09   28.4   0.0   1.9   3   0   0   3   3   1   1 Q9H422 CMGC DYRK
NP_004551.2          -          muscle_uniref90_100_90 -            1.2e-08   27.9   0.0   2.5e-08   26.9   0.0   1.4   1   0   0   1   1   1   1 Q01974 TK Ror
NP_006197.1          -          muscle_uniref90_100_90 -            1.5e-08   27.7   0.0   2.7e-08   26.8   0.0   1.3   1   0   0   1   1   1   1 P16234 TK PDGFR
NP_003795.2          -          muscle_uniref90_100_90 -            1.5e-08   27.6   0.3   1.5e-08   27.6   0.3   1.8   2   0   0   2   2   1   1 Q13546 TKL RIPK
NP_009101.2          -          muscle_uniref90_100_90 -            1.5e-08   27.6   0.0   2.5e-08   26.9   0.0   1.2   1   0   0   1   1   1   1 Q96S53 TKL LISK
NP_975010.1          -          muscle_uniref90_100_90 -            1.7e-08   27.5   0.0   1.7e-08   27.5   0.0   1.4   2   0   0   2   2   1   1 P51813 TK Tec
NP_055185.2          -          muscle_uniref90_100_90 -              2e-08   27.2   0.2   0.00016   14.3   0.0   2.3   2   0   0   2   2   2   2 Q9UPE1 CMGC SRPK
NP_115763.2          -          muscle_uniref90_100_90 -            2.3e-08   27.0   0.0   4.3e-08   26.1   0.0   1.3   1   0   0   1   1   1   1 Q96J92 Other WNK
NP_690048.1          -          muscle_uniref90_100_90 -            2.6e-08   26.9   0.0   5.7e-07   22.4   0.0   2.0   2   0   0   2   2   2   1 Q8N165 Other NKF4
NP_006866.2          -          muscle_uniref90_100_90 -            2.8e-08   26.7   0.0   3.6e-08   26.4   0.0   1.2   1   0   0   1   1   1   1 Q9P1W9 CAMK PIM
NP_115927.1          -          muscle_uniref90_100_90 -            3.1e-08   26.6   9.4   2.4e-07   23.6   0.0   2.4   2   0   0   2   2   2   1 Q5TCY1 CK1 TTBK
NP_002521.2          -          muscle_uniref90_100_90 -            4.3e-08   26.1   0.0   5.9e-08   25.7   0.0   1.1   1   0   0   1   1   1   1 Q16288-3 TK Trk
NP_109587.1          -          muscle_uniref90_100_90 -            4.6e-08   26.0   0.0   6.4e-08   25.6   0.0   1.1   1   0   0   1   1   1   1 P36507 STE STE7
NP_001252.1          -          muscle_uniref90_100_90 -            4.9e-08   25.9   0.4   9.5e-08   25.0   0.4   1.4   1   0   0   1   1   1   1 P50750 CMGC CDK
NP_002600.1          -          muscle_uniref90_100_90 -            6.1e-08   25.6   0.1   2.4e-07   23.7   0.0   1.7   2   0   0   2   2   2   1 P09619 TK PDGFR
NP_078928.3          -          muscle_uniref90_100_90 -            7.3e-08   25.3   0.0   1.1e-07   24.8   0.0   1.1   1   0   0   1   1   1   1 Q38SD2 TKL LRRK
NP_002011.2          -          muscle_uniref90_100_90 -              9e-08   25.0   0.0   1.4e-07   24.4   0.0   1.1   1   0   0   1   1   1   1 P35916 TK VEGFR
NP_775771.3          -          muscle_uniref90_100_90 -            1.8e-07   24.1   0.0   3.5e-07   23.1   0.0   1.4   1   0   0   1   1   1   1 Q6IQ55 CK1 TTBK
NP_000450.2          -          muscle_uniref90_100_90 -            2.1e-07   23.8   0.0     5e-07   22.6   0.0   1.5   1   1   0   1   1   1   1 Q02763 TK Tie
NP_620693.1          -          muscle_uniref90_100_90 -            2.2e-07   23.8   0.0   2.9e-07   23.3   0.0   1.1   1   0   0   1   1   1   1 P48730-2 CK1 CK1
NP_003494.1          -          muscle_uniref90_100_90 -            2.6e-07   23.5   2.5   5.4e-05   15.9   0.0   3.1   3   1   0   3   3   3   1 O00311 Other CDC7
NP_002871.1          -          muscle_uniref90_100_90 -            2.8e-07   23.4   0.1   3.9e-07   22.9   0.1   1.2   1   0   0   1   1   1   1 P04049 TKL RAF
NP_001251.1          -          muscle_uniref90_100_90 -            2.8e-07   23.4   0.4   5.3e-07   22.5   0.0   1.5   2   0   0   2   2   1   1 P49336 CMGC CDK
NP_002244.1          -          muscle_uniref90_100_90 -              3e-07   23.3   0.0   4.3e-07   22.8   0.0   1.1   1   0   0   1   1   1   1 P35968 TK VEGFR
NP_055891.1          -          muscle_uniref90_100_90 -            4.1e-07   22.9   0.0   4.1e-07   22.9   0.0   2.1   2   0   0   2   2   2   1 Q9BWU1 CMGC CDK
NP_003381.1          -          muscle_uniref90_100_90 -            4.5e-07   22.8   0.0   8.7e-07   21.8   0.0   1.4   1   0   0   1   1   1   1 P30291 Other WEE
NP_689407.1          -          muscle_uniref90_100_90 -            5.8e-07   22.4   0.0   7.1e-07   22.1   0.0   1.1   1   0   0   1   1   1   1 P49674 CK1 CK1
NP_001996.1          -          muscle_uniref90_100_90 -            6.6e-07   22.2   0.2   2.8e-06   20.1   0.0   1.8   2   0   0   2   2   2   1 P07332 TK Fer
NP_055228.2          -          muscle_uniref90_100_90 -              8e-07   21.9   0.7   5.6e-06   19.1   0.0   2.3   2   1   0   2   2   2   1 Q9BQI3 Other PEK
NP_004439.2          -          muscle_uniref90_100_90 -            8.1e-07   21.9   0.0   1.1e-06   21.4   0.0   1.1   1   0   0   1   1   1   1 P04626 TK EGFR
NP_004570.2          -          muscle_uniref90_100_90 -            8.8e-07   21.8   0.0   1.5e-06   21.0   0.0   1.2   1   0   0   1   1   1   1 Q12851 STE STE20
NP_000133.1          -          muscle_uniref90_100_90 -            1.2e-06   21.3   0.0   1.8e-06   20.8   0.0   1.1   1   0   0   1   1   1   1 P22607 TK FGFR
NP_001012331.1       -          muscle_uniref90_100_90 -            1.5e-06   21.0   0.0   2.1e-06   20.5   0.0   1.1   1   0   0   1   1   1   1 P04629-2 TK Trk
NP_002749.2          -          muscle_uniref90_100_90 -            1.6e-06   20.9   0.0   2.9e-06   20.0   0.0   1.4   2   0   0   2   2   1   1 P52564 STE STE7
NP_659438.1          -          muscle_uniref90_100_90 -            1.7e-06   20.8   1.2   2.1e-06   20.5   1.2   1.0   1   0   0   1   1   1   1 Q8WU08-2 AGC YANK
NP_056934.2          -          muscle_uniref90_100_90 -            1.9e-06   20.7   0.0   3.3e-06   19.9   0.0   1.3   1   0   0   1   1   1   1 P11362-7 TK FGFR
NP_005363.1          -          muscle_uniref90_100_90 -              2e-06   20.6   0.0   7.1e-06   18.8   0.0   1.7   2   0   0   2   2   2   1 P00540 Other MOS
NP_005415.1          -          muscle_uniref90_100_90 -            2.8e-06   20.1   0.0   1.2e-05   18.0   0.0   1.7   1   1   0   1   1   1   1 P35590 TK Tie
NP_002305.1          -          muscle_uniref90_100_90 -            3.3e-06   19.9   0.9     6e-06   19.0   0.9   1.3   1   1   0   1   1   1   1 P53667 TKL LISK
NP_000236.2          -          muscle_uniref90_100_90 -            3.5e-06   19.8   0.0   5.2e-06   19.2   0.0   1.1   1   0   0   1   1   1   1 P08581 TK Met
NP_001645.1          -          muscle_uniref90_100_90 -            3.8e-06   19.7   0.0   5.8e-06   19.1   0.0   1.2   1   0   0   1   1   1   1 P10398 TKL RAF
NP_071331.2          -          muscle_uniref90_100_90 -            6.8e-06   18.8   0.0   9.6e-06   18.3   0.0   1.2   1   0   0   1   1   1   1 Q9HCP0 CK1 CK1
NP_005219.2          -          muscle_uniref90_100_90 -              1e-05   18.2   0.0   1.4e-05   17.8   0.0   1.1   1   0   0   1   1   1   1 P00533 TK EGFR
NP_872633.1          -          muscle_uniref90_100_90 -            1.1e-05   18.1   0.3   5.8e-05   15.7   0.1   3.2   2   1   1   3   3   2   2 P78362 CMGC SRPK
NP_004375.2          -          muscle_uniref90_100_90 -            1.3e-05   17.9   2.2   2.5e-05   17.0   0.0   1.9   2   0   0   2   2   2   1 Q9Y6M4 CK1 CK1
NP_002935.2          -          muscle_uniref90_100_90 -            1.9e-05   17.3   0.0   2.7e-05   16.8   0.0   1.1   1   0   0   1   1   1   1 P08922 TK Sev
NP_000199.2          -          muscle_uniref90_100_90 -            2.1e-05   17.2   0.0   2.9e-05   16.7   0.0   1.1   1   0   0   1   1   1   1 P06213 TK InsR
NP_004324.2          -          muscle_uniref90_100_90 -            2.2e-05   17.1   0.0   2.9e-05   16.7   0.0   1.1   1   0   0   1   1   1   1 P15056 TKL RAF
NP_001008910.1       -          muscle_uniref90_100_90 -            2.8e-05   16.8   0.0    0.0049    9.4   0.0   2.0   2   0   0   2   2   2   1 O75716 Other NAK
NP_006276.2          -          muscle_uniref90_100_90 -            3.1e-05   16.7   0.0   4.3e-05   16.2   0.0   1.1   1   0   0   1   1   1   1 Q15569 TKL LISK
NP_002002.3          -          muscle_uniref90_100_90 -            3.1e-05   16.6   0.0   4.5e-05   16.1   0.0   1.1   1   0   0   1   1   1   1 P22455 TK FGFR
NP_787062.1          -          muscle_uniref90_100_90 -            3.6e-05   16.5   0.0   7.6e-05   15.4   0.0   1.5   1   1   0   1   1   1   1 Q8TAS1 Other KIS
NP_006862.2          -          muscle_uniref90_100_90 -            7.2e-05   15.4   0.0   0.00023   13.8   0.0   1.7   2   1   0   2   2   1   1 Q9Y572 TKL RIPK
NP_065387.1          -          muscle_uniref90_100_90 -            8.2e-05   15.3   0.0   0.00011   14.8   0.0   1.1   1   0   0   1   1   1   1 P29322 TK Eph
NP_066981.2          -          muscle_uniref90_100_90 -            9.5e-05   15.0   0.0   0.00017   14.2   0.0   1.3   1   0   0   1   1   1   1 Q96RU7 CAMK Trbl
NP_149106.2          -          muscle_uniref90_100_90 -            0.00012   14.7   0.0   0.00019   14.0   0.0   1.2   1   0   0   1   1   1   1 Q8TEA7 Other TBCK
NP_000866.1          -          muscle_uniref90_100_90 -            0.00025   13.6   0.0    0.0004   13.0   0.0   1.2   1   0   0   1   1   1   1 P08069 TK InsR
NP_001883.4          -          muscle_uniref90_100_90 -            0.00027   13.5   0.0   0.00027   13.5   0.0   1.4   2   0   0   2   2   1   1 P48729 CK1 CK1
NP_004295.2          -          muscle_uniref90_100_90 -            0.00028   13.5   0.0   0.00041   12.9   0.0   1.1   1   0   0   1   1   1   1 Q9UM73 TK ALK
NP_005560.1          -          muscle_uniref90_100_90 -            0.00062   12.3   2.3    0.0029   10.1   2.3   1.8   1   1   0   1   1   1   1 P53671 TKL LISK
NP_006173.2          -          muscle_uniref90_100_90 -            0.00083   11.9   0.1    0.0056    9.2   0.1   1.8   1   1   0   1   1   1   1 Q16832 TK DDR
NP_848605.1          -          muscle_uniref90_100_90 -            0.00083   11.9   0.0    0.0011   11.5   0.0   1.1   1   0   0   1   1   1   1 Q8NFD2 TKL RIPK
NP_002812.2          -          muscle_uniref90_100_90 -             0.0023   10.5   0.0    0.0033    9.9   0.0   1.1   1   0   0   1   1   1   1 Q13308 TK CCK4
NP_001945.3          -          muscle_uniref90_100_90 -             0.0026   10.3   0.0      0.03    6.8   0.0   1.9   2   0   0   2   2   2   0 Q08345-2 TK DDR
NP_003375.1          -          muscle_uniref90_100_90 -             0.0035    9.9   2.2    0.0062    9.0   0.0   1.9   2   0   0   2   2   2   1 Q99986 CK1 VRK
NP_001097.2          -          muscle_uniref90_100_90 -             0.0063    9.0   0.0    0.0089    8.5   0.0   1.1   1   0   0   1   1   1   1 Q13705 TKL STKR
#
# Program:         hmmsearch
# Version:         3.1b2 (February 2015)
# Pipeline mode:   SEARCH
# Query file:      uniref90_100_90.hmm
# Target file:     ../data/Kinase_dataset.fasta
# Option settings: hmmsearch --tblout ./hmm search results/test.out uniref90_100_90.hmm ../data/Kinase_dataset.fasta 
# Current dir:     /mnt/c/Users/marco/Documents/Universita/Magistrale/II Anno/BD/Project/5_hmms
# Date:            Fri Jan 25 15:36:45 2019
# [ok]
