#                                                                      --- full sequence ---- --- best 1 domain ---- --- domain number estimation ----
# target name             accession  query name             accession    E-value  score  bias   E-value  score  bias   exp reg clu  ov env dom rep inc description of target
#     ------------------- ----------   -------------------- ---------- --------- ------ ----- --------- ------ -----   --- --- --- --- --- --- --- --- ---------------------
sp|Q9H1R3|MYLK2_HUMAN     -          muscle_uniref90_100_90 -           2.7e-245  817.0   0.0  3.2e-245  816.8   0.0   1.0   1   0   0   1   1   1   1 Myosin light chain kinase 2, skeletal/cardiac muscle OS=Homo sapiens OX=9606 GN=MYLK2 PE=1 SV=3
sp|Q32MK0|MYLK3_HUMAN     -          muscle_uniref90_100_90 -           3.9e-149  498.7   0.0  5.5e-149  498.2   0.0   1.1   1   0   0   1   1   1   1 Myosin light chain kinase 3 OS=Homo sapiens OX=9606 GN=MYLK3 PE=1 SV=3
sp|Q86YV6|MYLK4_HUMAN     -          muscle_uniref90_100_90 -           3.9e-131  439.1   0.3  4.8e-131  438.8   0.3   1.0   1   0   0   1   1   1   1 Myosin light chain kinase family member 4 OS=Homo sapiens OX=9606 GN=MYLK4 PE=1 SV=2
sp|Q15746|MYLK_HUMAN      -          muscle_uniref90_100_90 -            1.1e-99  335.0   0.4   1.1e-99  335.0   0.4   3.2   3   1   0   3   3   1   1 Myosin light chain kinase, smooth muscle OS=Homo sapiens OX=9606 GN=MYLK PE=1 SV=4
sp|Q15772|SPEG_HUMAN      -          muscle_uniref90_100_90 -            7.3e-86  289.2   0.0   5.3e-48  163.9   0.0   2.5   3   0   0   3   3   2   2 Striated muscle preferentially expressed protein kinase OS=Homo sapiens OX=9606 GN=SPEG PE=1 SV=4
sp|Q9UIK4|DAPK2_HUMAN     -          muscle_uniref90_100_90 -            2.1e-70  238.1   0.1   2.7e-70  237.7   0.1   1.0   1   0   0   1   1   1   1 Death-associated protein kinase 2 OS=Homo sapiens OX=9606 GN=DAPK2 PE=1 SV=1
sp|P53355|DAPK1_HUMAN     -          muscle_uniref90_100_90 -            1.7e-67  228.4   0.1   2.2e-67  228.1   0.1   1.1   1   0   0   1   1   1   1 Death-associated protein kinase 1 OS=Homo sapiens OX=9606 GN=DAPK1 PE=1 SV=6
sp|O43293|DAPK3_HUMAN     -          muscle_uniref90_100_90 -            1.9e-67  228.3   0.0   2.5e-67  227.9   0.0   1.1   1   0   0   1   1   1   1 Death-associated protein kinase 3 OS=Homo sapiens OX=9606 GN=DAPK3 PE=1 SV=1
sp|Q9UEE5|ST17A_HUMAN     -          muscle_uniref90_100_90 -            5.6e-66  223.4   0.1   1.3e-65  222.1   0.0   1.5   1   1   0   1   1   1   1 Serine/threonine-protein kinase 17A OS=Homo sapiens OX=9606 GN=STK17A PE=1 SV=2
sp|Q5VST9|OBSCN_HUMAN     -          muscle_uniref90_100_90 -            5.1e-62  210.3   0.0   1.1e-45  156.2   0.0   2.6   2   0   0   2   2   2   2 Obscurin OS=Homo sapiens OX=9606 GN=OBSCN PE=1 SV=3
sp|Q15418|KS6A1_HUMAN     -          muscle_uniref90_100_90 -            9.3e-62  209.4   0.0   4.2e-36  124.5   0.0   2.0   2   0   0   2   2   2   2 Ribosomal protein S6 kinase alpha-1 OS=Homo sapiens OX=9606 GN=RPS6KA1 PE=1 SV=2
sp|Q8WZ42|TITIN_HUMAN     -          muscle_uniref90_100_90 -            2.1e-61  208.3   0.5   2.1e-61  208.3   0.5  10.1   9   3   1  11  11   1   1 Titin OS=Homo sapiens OX=9606 GN=TTN PE=1 SV=4
sp|O94768|ST17B_HUMAN     -          muscle_uniref90_100_90 -            1.3e-59  202.4   0.0   1.9e-59  201.7   0.0   1.2   1   0   0   1   1   1   1 Serine/threonine-protein kinase 17B OS=Homo sapiens OX=9606 GN=STK17B PE=1 SV=1
sp|P51812|KS6A3_HUMAN     -          muscle_uniref90_100_90 -            4.7e-58  197.2   0.1   2.1e-33  115.6   0.0   2.2   2   0   0   2   2   2   2 Ribosomal protein S6 kinase alpha-3 OS=Homo sapiens OX=9606 GN=RPS6KA3 PE=1 SV=1
sp|Q15349|KS6A2_HUMAN     -          muscle_uniref90_100_90 -            5.4e-57  193.7   0.0   3.5e-33  114.8   0.0   2.0   2   0   0   2   2   2   2 Ribosomal protein S6 kinase alpha-2 OS=Homo sapiens OX=9606 GN=RPS6KA2 PE=1 SV=2
sp|Q9UK32|KS6A6_HUMAN     -          muscle_uniref90_100_90 -            5.8e-54  183.6   0.0   2.1e-27   95.7   0.0   2.0   2   0   0   2   2   2   2 Ribosomal protein S6 kinase alpha-6 OS=Homo sapiens OX=9606 GN=RPS6KA6 PE=1 SV=1
sp|O75582|KS6A5_HUMAN     -          muscle_uniref90_100_90 -            4.9e-52  177.2   2.7   1.1e-34  119.8   0.0   2.5   3   0   0   3   3   2   2 Ribosomal protein S6 kinase alpha-5 OS=Homo sapiens OX=9606 GN=RPS6KA5 PE=1 SV=1
sp|P11801|KPSH1_HUMAN     -          muscle_uniref90_100_90 -              2e-47  162.0   0.0   2.7e-47  161.6   0.0   1.0   1   0   0   1   1   1   1 Serine/threonine-protein kinase H1 OS=Homo sapiens OX=9606 GN=PSKH1 PE=1 SV=4
sp|Q8IU85|KCC1D_HUMAN     -          muscle_uniref90_100_90 -              5e-47  160.7   0.0   6.2e-47  160.4   0.0   1.0   1   0   0   1   1   1   1 Calcium/calmodulin-dependent protein kinase type 1D OS=Homo sapiens OX=9606 GN=CAMK1D PE=1 SV=1
sp|Q16566|KCC4_HUMAN      -          muscle_uniref90_100_90 -            6.2e-46  157.0   0.0   8.5e-46  156.6   0.0   1.1   1   0   0   1   1   1   1 Calcium/calmodulin-dependent protein kinase type IV OS=Homo sapiens OX=9606 GN=CAMK4 PE=1 SV=1
sp|O75676|KS6A4_HUMAN     -          muscle_uniref90_100_90 -            3.8e-45  154.4   0.0   3.7e-32  111.4   0.0   2.1   2   0   0   2   2   2   2 Ribosomal protein S6 kinase alpha-4 OS=Homo sapiens OX=9606 GN=RPS6KA4 PE=1 SV=1
sp|Q14012|KCC1A_HUMAN     -          muscle_uniref90_100_90 -            1.6e-43  149.1   0.0   1.9e-43  148.8   0.0   1.0   1   0   0   1   1   1   1 Calcium/calmodulin-dependent protein kinase type 1 OS=Homo sapiens OX=9606 GN=CAMK1 PE=1 SV=1
sp|Q96QS6|KPSH2_HUMAN     -          muscle_uniref90_100_90 -            1.9e-43  148.8   0.0   2.4e-43  148.5   0.0   1.0   1   0   0   1   1   1   1 Serine/threonine-protein kinase H2 OS=Homo sapiens OX=9606 GN=PSKH2 PE=2 SV=1
sp|O60229|KALRN_HUMAN     -          muscle_uniref90_100_90 -            1.1e-42  146.2   0.0   2.2e-42  145.3   0.0   1.4   1   0   0   1   1   1   1 Kalirin OS=Homo sapiens OX=9606 GN=KALRN PE=1 SV=2
sp|Q9C098|DCLK3_HUMAN     -          muscle_uniref90_100_90 -            1.7e-41  142.3   0.1   2.1e-41  142.0   0.1   1.2   1   0   0   1   1   1   1 Serine/threonine-protein kinase DCLK3 OS=Homo sapiens OX=9606 GN=DCLK3 PE=2 SV=2
sp|O75962|TRIO_HUMAN      -          muscle_uniref90_100_90 -            2.3e-39  135.3   0.0   2.3e-39  135.3   0.0   2.4   3   0   0   3   3   1   1 Triple functional domain protein OS=Homo sapiens OX=9606 GN=TRIO PE=1 SV=2
sp|Q9UQM7|KCC2A_HUMAN     -          muscle_uniref90_100_90 -            5.8e-39  134.0   0.0   7.4e-39  133.6   0.0   1.0   1   0   0   1   1   1   1 Calcium/calmodulin-dependent protein kinase type II subunit alpha OS=Homo sapiens OX=9606 GN=CAMK2A PE=1 SV=2
sp|Q96NX5|KCC1G_HUMAN     -          muscle_uniref90_100_90 -            1.6e-38  132.5   0.1     2e-38  132.2   0.1   1.1   1   0   0   1   1   1   1 Calcium/calmodulin-dependent protein kinase type 1G OS=Homo sapiens OX=9606 GN=CAMK1G PE=1 SV=3
sp|Q13557|KCC2D_HUMAN     -          muscle_uniref90_100_90 -            2.8e-37  128.4   0.0   3.5e-37  128.1   0.0   1.1   1   0   0   1   1   1   1 Calcium/calmodulin-dependent protein kinase type II subunit delta OS=Homo sapiens OX=9606 GN=CAMK2D PE=1 SV=3
sp|Q13554|KCC2B_HUMAN     -          muscle_uniref90_100_90 -              3e-37  128.3   0.0   4.4e-37  127.7   0.0   1.2   1   0   0   1   1   1   1 Calcium/calmodulin-dependent protein kinase type II subunit beta OS=Homo sapiens OX=9606 GN=CAMK2B PE=1 SV=3
sp|Q13555|KCC2G_HUMAN     -          muscle_uniref90_100_90 -              4e-37  127.9   0.0   7.6e-37  127.0   0.0   1.3   1   1   0   1   1   1   1 Calcium/calmodulin-dependent protein kinase type II subunit gamma OS=Homo sapiens OX=9606 GN=CAMK2G PE=1 SV=4
sp|O94806|KPCD3_HUMAN     -          muscle_uniref90_100_90 -            4.6e-37  127.7   0.0   6.6e-37  127.1   0.0   1.1   1   0   0   1   1   1   1 Serine/threonine-protein kinase D3 OS=Homo sapiens OX=9606 GN=PRKD3 PE=1 SV=1
sp|Q6P2M8|KCC1B_HUMAN     -          muscle_uniref90_100_90 -              2e-36  125.6   0.0   2.5e-36  125.2   0.0   1.0   1   0   0   1   1   1   1 Calcium/calmodulin-dependent protein kinase type 1B OS=Homo sapiens OX=9606 GN=PNCK PE=2 SV=2
sp|Q15139|KPCD1_HUMAN     -          muscle_uniref90_100_90 -            2.2e-36  125.4   0.4   4.8e-36  124.3   0.0   1.6   2   0   0   2   2   1   1 Serine/threonine-protein kinase D1 OS=Homo sapiens OX=9606 GN=PRKD1 PE=1 SV=2
sp|O15075|DCLK1_HUMAN     -          muscle_uniref90_100_90 -            2.3e-35  122.1   0.1   3.9e-35  121.3   0.1   1.4   1   1   0   1   1   1   1 Serine/threonine-protein kinase DCLK1 OS=Homo sapiens OX=9606 GN=DCLK1 PE=1 SV=2
sp|Q9BZL6|KPCD2_HUMAN     -          muscle_uniref90_100_90 -            2.6e-35  121.9   0.0     3e-35  121.7   0.0   1.1   1   0   0   1   1   1   1 Serine/threonine-protein kinase D2 OS=Homo sapiens OX=9606 GN=PRKD2 PE=1 SV=3
sp|Q8NCB2|CAMKV_HUMAN     -          muscle_uniref90_100_90 -            5.6e-35  120.8   0.0   6.7e-35  120.5   0.0   1.0   1   0   0   1   1   1   1 CaM kinase-like vesicle-associated protein OS=Homo sapiens OX=9606 GN=CAMKV PE=2 SV=2
sp|Q9BYT3|STK33_HUMAN     -          muscle_uniref90_100_90 -            3.7e-34  118.1   1.4   3.7e-34  118.1   1.4   2.0   1   1   0   1   1   1   1 Serine/threonine-protein kinase 33 OS=Homo sapiens OX=9606 GN=STK33 PE=1 SV=1
sp|Q8N568|DCLK2_HUMAN     -          muscle_uniref90_100_90 -            4.8e-34  117.7   0.0   6.3e-34  117.3   0.0   1.1   1   0   0   1   1   1   1 Serine/threonine-protein kinase DCLK2 OS=Homo sapiens OX=9606 GN=DCLK2 PE=1 SV=4
sp|Q16816|PHKG1_HUMAN     -          muscle_uniref90_100_90 -            1.3e-33  116.3   0.0   1.7e-33  115.9   0.0   1.0   1   0   0   1   1   1   1 Phosphorylase b kinase gamma catalytic chain, skeletal muscle/heart isoform OS=Homo sapiens OX=9606 GN=PHKG1 PE=2 SV=3
sp|Q9HBH9|MKNK2_HUMAN     -          muscle_uniref90_100_90 -            9.5e-33  113.4   0.0   1.7e-32  112.6   0.0   1.3   1   1   0   1   1   1   1 MAP kinase-interacting serine/threonine-protein kinase 2 OS=Homo sapiens OX=9606 GN=MKNK2 PE=1 SV=3
sp|O96017|CHK2_HUMAN      -          muscle_uniref90_100_90 -            1.9e-32  112.4   0.0   1.9e-32  112.4   0.0   1.7   2   0   0   2   2   1   1 Serine/threonine-protein kinase Chk2 OS=Homo sapiens OX=9606 GN=CHEK2 PE=1 SV=1
sp|Q9NRH2|SNRK_HUMAN      -          muscle_uniref90_100_90 -            9.7e-31  106.7   0.0   1.7e-30  105.9   0.0   1.2   1   0   0   1   1   1   1 SNF-related serine/threonine-protein kinase OS=Homo sapiens OX=9606 GN=SNRK PE=1 SV=2
sp|Q16644|MAPK3_HUMAN     -          muscle_uniref90_100_90 -            1.5e-29  102.8   0.0   2.2e-29  102.2   0.0   1.1   1   0   0   1   1   1   1 MAP kinase-activated protein kinase 3 OS=Homo sapiens OX=9606 GN=MAPKAPK3 PE=1 SV=1
sp|O60285|NUAK1_HUMAN     -          muscle_uniref90_100_90 -            1.7e-28   99.3   1.2     6e-28   97.5   0.0   1.9   2   0   0   2   2   2   1 NUAK family SNF1-like kinase 1 OS=Homo sapiens OX=9606 GN=NUAK1 PE=1 SV=1
sp|P49137|MAPK2_HUMAN     -          muscle_uniref90_100_90 -              2e-28   99.1   0.0   2.7e-28   98.7   0.0   1.1   1   0   0   1   1   1   1 MAP kinase-activated protein kinase 2 OS=Homo sapiens OX=9606 GN=MAPKAPK2 PE=1 SV=1
sp|Q9BUB5|MKNK1_HUMAN     -          muscle_uniref90_100_90 -            1.4e-27   96.3   0.1   5.5e-22   77.8   0.0   2.3   2   1   0   2   2   2   2 MAP kinase-interacting serine/threonine-protein kinase 1 OS=Homo sapiens OX=9606 GN=MKNK1 PE=1 SV=1
sp|Q8IW41|MAPK5_HUMAN     -          muscle_uniref90_100_90 -            1.4e-27   96.3   0.0   2.8e-26   91.9   0.0   2.4   2   1   0   2   2   1   1 MAP kinase-activated protein kinase 5 OS=Homo sapiens OX=9606 GN=MAPKAPK5 PE=1 SV=2
sp|P15735|PHKG2_HUMAN     -          muscle_uniref90_100_90 -            1.8e-27   95.9   0.0   2.6e-27   95.4   0.0   1.1   1   0   0   1   1   1   1 Phosphorylase b kinase gamma catalytic chain, liver/testis isoform OS=Homo sapiens OX=9606 GN=PHKG2 PE=1 SV=1
sp|O00444|PLK4_HUMAN      -          muscle_uniref90_100_90 -            3.8e-27   94.8   0.0   3.8e-27   94.8   0.0   1.9   2   0   0   2   2   1   1 Serine/threonine-protein kinase PLK4 OS=Homo sapiens OX=9606 GN=PLK4 PE=1 SV=3
sp|Q13131|AAPK1_HUMAN     -          muscle_uniref90_100_90 -            3.5e-26   91.6   0.0   5.5e-26   91.0   0.0   1.2   1   0   0   1   1   1   1 5'-AMP-activated protein kinase catalytic subunit alpha-1 OS=Homo sapiens OX=9606 GN=PRKAA1 PE=1 SV=4
sp|Q9H093|NUAK2_HUMAN     -          muscle_uniref90_100_90 -            7.2e-26   90.6   0.0   1.3e-25   89.8   0.0   1.3   1   0   0   1   1   1   1 NUAK family SNF1-like kinase 2 OS=Homo sapiens OX=9606 GN=NUAK2 PE=1 SV=1
sp|Q6PHR2|ULK3_HUMAN      -          muscle_uniref90_100_90 -            1.1e-25   90.0   0.0   1.6e-25   89.5   0.0   1.1   1   0   0   1   1   1   1 Serine/threonine-protein kinase ULK3 OS=Homo sapiens OX=9606 GN=ULK3 PE=1 SV=2
sp|Q96GD4|AURKB_HUMAN     -          muscle_uniref90_100_90 -            1.2e-25   89.8   0.0   1.6e-25   89.5   0.0   1.0   1   0   0   1   1   1   1 Aurora kinase B OS=Homo sapiens OX=9606 GN=AURKB PE=1 SV=3
sp|O14965|AURKA_HUMAN     -          muscle_uniref90_100_90 -            4.3e-25   88.0   0.1   9.6e-25   86.9   0.1   1.4   1   1   0   1   1   1   1 Aurora kinase A OS=Homo sapiens OX=9606 GN=AURKA PE=1 SV=2
sp|P54646|AAPK2_HUMAN     -          muscle_uniref90_100_90 -            2.5e-24   85.5   0.0   3.5e-24   85.0   0.0   1.0   1   0   0   1   1   1   1 5'-AMP-activated protein kinase catalytic subunit alpha-2 OS=Homo sapiens OX=9606 GN=PRKAA2 PE=1 SV=2
sp|Q9UQB9|AURKC_HUMAN     -          muscle_uniref90_100_90 -            2.6e-24   85.5   0.0   3.3e-24   85.1   0.0   1.0   1   0   0   1   1   1   1 Aurora kinase C OS=Homo sapiens OX=9606 GN=AURKC PE=1 SV=1
sp|Q9NRP7|STK36_HUMAN     -          muscle_uniref90_100_90 -            1.6e-23   82.8   0.0     3e-23   81.9   0.0   1.3   1   0   0   1   1   1   1 Serine/threonine-protein kinase 36 OS=Homo sapiens OX=9606 GN=STK36 PE=1 SV=2
sp|P31751|AKT2_HUMAN      -          muscle_uniref90_100_90 -            2.2e-23   82.4   0.0   2.7e-23   82.1   0.0   1.0   1   0   0   1   1   1   1 RAC-beta serine/threonine-protein kinase OS=Homo sapiens OX=9606 GN=AKT2 PE=1 SV=2
sp|O14936|CSKP_HUMAN      -          muscle_uniref90_100_90 -            2.7e-23   82.1   0.0   4.2e-23   81.5   0.0   1.2   1   0   0   1   1   1   1 Peripheral plasma membrane protein CASK OS=Homo sapiens OX=9606 GN=CASK PE=1 SV=3
sp|Q9Y243|AKT3_HUMAN      -          muscle_uniref90_100_90 -            6.6e-23   80.8   0.1   8.6e-23   80.4   0.1   1.1   1   0   0   1   1   1   1 RAC-gamma serine/threonine-protein kinase OS=Homo sapiens OX=9606 GN=AKT3 PE=1 SV=1
sp|Q14680|MELK_HUMAN      -          muscle_uniref90_100_90 -            8.4e-23   80.5   0.0   8.4e-23   80.5   0.0   1.5   2   0   0   2   2   1   1 Maternal embryonic leucine zipper kinase OS=Homo sapiens OX=9606 GN=MELK PE=1 SV=3
sp|P31749|AKT1_HUMAN      -          muscle_uniref90_100_90 -            9.2e-23   80.3   0.0   1.2e-22   80.0   0.0   1.1   1   0   0   1   1   1   1 RAC-alpha serine/threonine-protein kinase OS=Homo sapiens OX=9606 GN=AKT1 PE=1 SV=2
sp|O75385|ULK1_HUMAN      -          muscle_uniref90_100_90 -            1.9e-22   79.3   0.0     3e-22   78.6   0.0   1.1   1   0   0   1   1   1   1 Serine/threonine-protein kinase ULK1 OS=Homo sapiens OX=9606 GN=ULK1 PE=1 SV=2
sp|Q9Y2K2|SIK3_HUMAN      -          muscle_uniref90_100_90 -            2.6e-22   78.8   0.0   2.6e-22   78.8   0.0   2.9   3   0   0   3   3   2   1 Serine/threonine-protein kinase SIK3 OS=Homo sapiens OX=9606 GN=SIK3 PE=1 SV=4
sp|P43250|GRK6_HUMAN      -          muscle_uniref90_100_90 -            2.7e-22   78.8   0.0   3.9e-22   78.3   0.0   1.1   1   0   0   1   1   1   1 G protein-coupled receptor kinase 6 OS=Homo sapiens OX=9606 GN=GRK6 PE=1 SV=2
sp|O43930|PRKY_HUMAN      -          muscle_uniref90_100_90 -            6.2e-22   77.6   0.0   7.4e-22   77.3   0.0   1.0   1   0   0   1   1   1   1 Putative serine/threonine-protein kinase PRKY OS=Homo sapiens OX=9606 GN=PRKY PE=5 SV=1
sp|O00141|SGK1_HUMAN      -          muscle_uniref90_100_90 -            1.1e-21   76.7   0.0   1.4e-21   76.4   0.0   1.0   1   0   0   1   1   1   1 Serine/threonine-protein kinase Sgk1 OS=Homo sapiens OX=9606 GN=SGK1 PE=1 SV=2
sp|Q16513|PKN2_HUMAN      -          muscle_uniref90_100_90 -            1.3e-21   76.5   0.0   2.5e-21   75.6   0.0   1.4   1   0   0   1   1   1   1 Serine/threonine-protein kinase N2 OS=Homo sapiens OX=9606 GN=PKN2 PE=1 SV=1
sp|Q8IYT8|ULK2_HUMAN      -          muscle_uniref90_100_90 -            2.6e-21   75.5   0.0   3.8e-21   75.0   0.0   1.2   1   0   0   1   1   1   1 Serine/threonine-protein kinase ULK2 OS=Homo sapiens OX=9606 GN=ULK2 PE=1 SV=3
sp|Q9NYY3|PLK2_HUMAN      -          muscle_uniref90_100_90 -            2.6e-21   75.5   0.0   4.3e-21   74.8   0.0   1.3   1   0   0   1   1   1   1 Serine/threonine-protein kinase PLK2 OS=Homo sapiens OX=9606 GN=PLK2 PE=1 SV=3
sp|Q9HBY8|SGK2_HUMAN      -          muscle_uniref90_100_90 -              3e-21   75.3   0.0   3.8e-21   75.0   0.0   1.0   1   0   0   1   1   1   1 Serine/threonine-protein kinase Sgk2 OS=Homo sapiens OX=9606 GN=SGK2 PE=1 SV=1
sp|O14757|CHK1_HUMAN      -          muscle_uniref90_100_90 -            3.3e-21   75.2   0.0   4.6e-21   74.7   0.0   1.1   1   0   0   1   1   1   1 Serine/threonine-protein kinase Chk1 OS=Homo sapiens OX=9606 GN=CHEK1 PE=1 SV=2
sp|Q13177|PAK2_HUMAN      -          muscle_uniref90_100_90 -            4.7e-21   74.7   0.0   6.2e-21   74.3   0.0   1.2   1   0   0   1   1   1   1 Serine/threonine-protein kinase PAK 2 OS=Homo sapiens OX=9606 GN=PAK2 PE=1 SV=3
sp|P32298|GRK4_HUMAN      -          muscle_uniref90_100_90 -            4.9e-21   74.6   0.0   7.2e-21   74.1   0.0   1.1   1   0   0   1   1   1   1 G protein-coupled receptor kinase 4 OS=Homo sapiens OX=9606 GN=GRK4 PE=1 SV=3
sp|Q9P0L2|MARK1_HUMAN     -          muscle_uniref90_100_90 -              6e-21   74.3   0.0     6e-21   74.3   0.0   1.8   2   1   0   2   2   1   1 Serine/threonine-protein kinase MARK1 OS=Homo sapiens OX=9606 GN=MARK1 PE=1 SV=2
sp|P22612|KAPCG_HUMAN     -          muscle_uniref90_100_90 -              7e-21   74.1   0.0   9.1e-21   73.7   0.0   1.0   1   0   0   1   1   1   1 cAMP-dependent protein kinase catalytic subunit gamma OS=Homo sapiens OX=9606 GN=PRKACG PE=1 SV=3
sp|Q8IY84|NIM1_HUMAN      -          muscle_uniref90_100_90 -            1.3e-20   73.2   0.1   1.8e-20   72.7   0.1   1.1   1   0   0   1   1   1   1 Serine/threonine-protein kinase NIM1 OS=Homo sapiens OX=9606 GN=NIM1K PE=1 SV=1
sp|P51817|PRKX_HUMAN      -          muscle_uniref90_100_90 -            1.4e-20   73.1   0.0   1.6e-20   72.9   0.0   1.0   1   0   0   1   1   1   1 cAMP-dependent protein kinase catalytic subunit PRKX OS=Homo sapiens OX=9606 GN=PRKX PE=1 SV=1
sp|Q04759|KPCT_HUMAN      -          muscle_uniref90_100_90 -            2.2e-20   72.5   0.2   3.1e-20   72.0   0.2   1.1   1   0   0   1   1   1   1 Protein kinase C theta type OS=Homo sapiens OX=9606 GN=PRKCQ PE=1 SV=3
sp|P05771|KPCB_HUMAN      -          muscle_uniref90_100_90 -              3e-20   72.0   0.1   4.2e-20   71.5   0.1   1.1   1   0   0   1   1   1   1 Protein kinase C beta type OS=Homo sapiens OX=9606 GN=PRKCB PE=1 SV=4
sp|Q96BR1|SGK3_HUMAN      -          muscle_uniref90_100_90 -            4.5e-20   71.4   0.0   6.2e-20   71.0   0.0   1.1   1   0   0   1   1   1   1 Serine/threonine-protein kinase Sgk3 OS=Homo sapiens OX=9606 GN=SGK3 PE=1 SV=1
sp|P17252|KPCA_HUMAN      -          muscle_uniref90_100_90 -            4.9e-20   71.3   0.1   6.7e-20   70.9   0.1   1.1   1   0   0   1   1   1   1 Protein kinase C alpha type OS=Homo sapiens OX=9606 GN=PRKCA PE=1 SV=4
sp|P34947|GRK5_HUMAN      -          muscle_uniref90_100_90 -            5.3e-20   71.2   0.0   7.5e-20   70.7   0.0   1.1   1   0   0   1   1   1   1 G protein-coupled receptor kinase 5 OS=Homo sapiens OX=9606 GN=GRK5 PE=1 SV=1
sp|Q7KZI7|MARK2_HUMAN     -          muscle_uniref90_100_90 -            6.6e-20   70.9   0.1   6.6e-20   70.9   0.1   2.0   2   0   0   2   2   1   1 Serine/threonine-protein kinase MARK2 OS=Homo sapiens OX=9606 GN=MARK2 PE=1 SV=2
sp|Q6A1A2|PDPK2_HUMAN     -          muscle_uniref90_100_90 -              1e-19   70.2   0.0   1.4e-19   69.8   0.0   1.0   1   0   0   1   1   1   1 Putative 3-phosphoinositide-dependent protein kinase 2 OS=Homo sapiens OX=9606 GN=PDPK2P PE=5 SV=1
sp|O75914|PAK3_HUMAN      -          muscle_uniref90_100_90 -            1.2e-19   70.1   0.0   1.2e-19   70.1   0.0   2.0   1   1   0   1   1   1   1 Serine/threonine-protein kinase PAK 3 OS=Homo sapiens OX=9606 GN=PAK3 PE=1 SV=2
sp|P27448|MARK3_HUMAN     -          muscle_uniref90_100_90 -            1.2e-19   70.0   0.0   1.2e-19   70.0   0.0   1.9   2   0   0   2   2   1   1 MAP/microtubule affinity-regulating kinase 3 OS=Homo sapiens OX=9606 GN=MARK3 PE=1 SV=5
sp|O15530|PDPK1_HUMAN     -          muscle_uniref90_100_90 -            1.3e-19   69.9   0.0   1.7e-19   69.5   0.0   1.1   1   0   0   1   1   1   1 3-phosphoinositide-dependent protein kinase 1 OS=Homo sapiens OX=9606 GN=PDPK1 PE=1 SV=1
sp|P22694|KAPCB_HUMAN     -          muscle_uniref90_100_90 -            1.4e-19   69.8   0.0   1.7e-19   69.5   0.0   1.0   1   0   0   1   1   1   1 cAMP-dependent protein kinase catalytic subunit beta OS=Homo sapiens OX=9606 GN=PRKACB PE=1 SV=2
sp|Q96L34|MARK4_HUMAN     -          muscle_uniref90_100_90 -            1.4e-19   69.8   0.5   2.2e-19   69.1   0.0   1.4   2   0   0   2   2   1   1 MAP/microtubule affinity-regulating kinase 4 OS=Homo sapiens OX=9606 GN=MARK4 PE=1 SV=1
sp|P17612|KAPCA_HUMAN     -          muscle_uniref90_100_90 -            1.6e-19   69.6   0.0   2.1e-19   69.2   0.0   1.1   1   0   0   1   1   1   1 cAMP-dependent protein kinase catalytic subunit alpha OS=Homo sapiens OX=9606 GN=PRKACA PE=1 SV=2
sp|Q9NQU5|PAK6_HUMAN      -          muscle_uniref90_100_90 -            1.8e-19   69.4   0.0   2.7e-19   68.8   0.0   1.1   1   0   0   1   1   1   1 Serine/threonine-protein kinase PAK 6 OS=Homo sapiens OX=9606 GN=PAK6 PE=1 SV=1
sp|Q96PN8|TSSK3_HUMAN     -          muscle_uniref90_100_90 -            2.4e-19   69.0   0.0   2.9e-19   68.7   0.0   1.0   1   0   0   1   1   1   1 Testis-specific serine/threonine-protein kinase 3 OS=Homo sapiens OX=9606 GN=TSSK3 PE=1 SV=1
sp|Q13153|PAK1_HUMAN      -          muscle_uniref90_100_90 -            2.8e-19   68.8   6.3   4.1e-19   68.2   0.0   2.1   2   0   0   2   2   2   1 Serine/threonine-protein kinase PAK 1 OS=Homo sapiens OX=9606 GN=PAK1 PE=1 SV=2
sp|P57058|HUNK_HUMAN      -          muscle_uniref90_100_90 -            2.9e-19   68.7   0.0   4.8e-19   68.0   0.0   1.3   1   0   0   1   1   1   1 Hormonally up-regulated neu tumor-associated kinase OS=Homo sapiens OX=9606 GN=HUNK PE=1 SV=1
sp|Q9Y2U5|M3K2_HUMAN      -          muscle_uniref90_100_90 -            3.3e-19   68.6   0.0   5.5e-19   67.8   0.0   1.3   1   0   0   1   1   1   1 Mitogen-activated protein kinase kinase kinase 2 OS=Homo sapiens OX=9606 GN=MAP3K2 PE=1 SV=2
sp|P57059|SIK1_HUMAN      -          muscle_uniref90_100_90 -            3.6e-19   68.4   0.0     5e-19   68.0   0.0   1.1   1   0   0   1   1   1   1 Serine/threonine-protein kinase SIK1 OS=Homo sapiens OX=9606 GN=SIK1 PE=1 SV=2
sp|A0A0B4J2F2|SIK1B_HUMAN -          muscle_uniref90_100_90 -            3.6e-19   68.4   0.0     5e-19   68.0   0.0   1.1   1   0   0   1   1   1   1 Probable serine/threonine-protein kinase SIK1B OS=Homo sapiens OX=9606 GN=SIK1B PE=3 SV=1
sp|Q16512|PKN1_HUMAN      -          muscle_uniref90_100_90 -            3.7e-19   68.4   0.0   6.5e-19   67.6   0.0   1.3   1   0   0   1   1   1   1 Serine/threonine-protein kinase N1 OS=Homo sapiens OX=9606 GN=PKN1 PE=1 SV=2
sp|Q8TDC3|BRSK1_HUMAN     -          muscle_uniref90_100_90 -            4.4e-19   68.2   0.0   6.3e-19   67.6   0.0   1.1   1   0   0   1   1   1   1 Serine/threonine-protein kinase BRSK1 OS=Homo sapiens OX=9606 GN=BRSK1 PE=1 SV=2
sp|Q9H4B4|PLK3_HUMAN      -          muscle_uniref90_100_90 -              5e-19   67.9   0.0   6.7e-19   67.5   0.0   1.1   1   0   0   1   1   1   1 Serine/threonine-protein kinase PLK3 OS=Homo sapiens OX=9606 GN=PLK3 PE=1 SV=2
sp|Q99759|M3K3_HUMAN      -          muscle_uniref90_100_90 -            8.4e-19   67.2   0.0   1.3e-18   66.6   0.0   1.2   1   0   0   1   1   1   1 Mitogen-activated protein kinase kinase kinase 3 OS=Homo sapiens OX=9606 GN=MAP3K3 PE=1 SV=2
sp|Q6P3R8|NEK5_HUMAN      -          muscle_uniref90_100_90 -            8.7e-19   67.2   0.0   8.7e-19   67.2   0.0   2.2   2   0   0   2   2   1   1 Serine/threonine-protein kinase Nek5 OS=Homo sapiens OX=9606 GN=NEK5 PE=2 SV=1
sp|Q9H0K1|SIK2_HUMAN      -          muscle_uniref90_100_90 -            1.2e-18   66.7   0.0   1.2e-18   66.7   0.0   2.0   2   0   0   2   2   1   1 Serine/threonine-protein kinase SIK2 OS=Homo sapiens OX=9606 GN=SIK2 PE=1 SV=1
sp|Q56UN5|M3K19_HUMAN     -          muscle_uniref90_100_90 -              2e-18   66.0   0.0     2e-18   66.0   0.0   3.0   3   1   0   3   3   1   1 Mitogen-activated protein kinase kinase kinase 19 OS=Homo sapiens OX=9606 GN=MAP3K19 PE=2 SV=1
sp|P05129|KPCG_HUMAN      -          muscle_uniref90_100_90 -            3.1e-18   65.3   0.0   4.4e-18   64.8   0.0   1.1   1   0   0   1   1   1   1 Protein kinase C gamma type OS=Homo sapiens OX=9606 GN=PRKCG PE=1 SV=3
sp|P23443|KS6B1_HUMAN     -          muscle_uniref90_100_90 -              4e-18   65.0   0.0   5.5e-18   64.5   0.0   1.0   1   0   0   1   1   1   1 Ribosomal protein S6 kinase beta-1 OS=Homo sapiens OX=9606 GN=RPS6KB1 PE=1 SV=2
sp|Q6P5Z2|PKN3_HUMAN      -          muscle_uniref90_100_90 -            1.6e-17   63.0   0.0     3e-17   62.1   0.0   1.3   1   0   0   1   1   1   1 Serine/threonine-protein kinase N3 OS=Homo sapiens OX=9606 GN=PKN3 PE=1 SV=1
sp|P24723|KPCL_HUMAN      -          muscle_uniref90_100_90 -              2e-17   62.7   0.1   2.7e-17   62.2   0.1   1.1   1   0   0   1   1   1   1 Protein kinase C eta type OS=Homo sapiens OX=9606 GN=PRKCH PE=1 SV=4
sp|Q13237|KGP2_HUMAN      -          muscle_uniref90_100_90 -              2e-17   62.6   0.0     2e-17   62.6   0.0   1.4   2   0   0   2   2   1   1 cGMP-dependent protein kinase 2 OS=Homo sapiens OX=9606 GN=PRKG2 PE=1 SV=1
sp|Q13188|STK3_HUMAN      -          muscle_uniref90_100_90 -              3e-17   62.1   0.0     3e-17   62.1   0.0   2.5   1   1   0   2   2   1   1 Serine/threonine-protein kinase 3 OS=Homo sapiens OX=9606 GN=STK3 PE=1 SV=2
sp|Q05655|KPCD_HUMAN      -          muscle_uniref90_100_90 -            4.3e-17   61.6   0.1   5.9e-17   61.1   0.1   1.1   1   0   0   1   1   1   1 Protein kinase C delta type OS=Homo sapiens OX=9606 GN=PRKCD PE=1 SV=2
sp|Q15831|STK11_HUMAN     -          muscle_uniref90_100_90 -            7.9e-17   60.7   0.0   1.1e-16   60.2   0.0   1.1   1   0   0   1   1   1   1 Serine/threonine-protein kinase STK11 OS=Homo sapiens OX=9606 GN=STK11 PE=1 SV=1
sp|Q8IWQ3|BRSK2_HUMAN     -          muscle_uniref90_100_90 -            1.2e-16   60.1   0.0   1.7e-16   59.6   0.0   1.1   1   0   0   1   1   1   1 Serine/threonine-protein kinase BRSK2 OS=Homo sapiens OX=9606 GN=BRSK2 PE=1 SV=3
sp|P06493|CDK1_HUMAN      -          muscle_uniref90_100_90 -            1.2e-16   60.1   0.0   8.7e-13   47.3   0.0   2.0   2   0   0   2   2   2   2 Cyclin-dependent kinase 1 OS=Homo sapiens OX=9606 GN=CDK1 PE=1 SV=3
sp|Q9HC98|NEK6_HUMAN      -          muscle_uniref90_100_90 -            1.4e-16   59.9   0.0   1.8e-16   59.5   0.0   1.0   1   0   0   1   1   1   1 Serine/threonine-protein kinase Nek6 OS=Homo sapiens OX=9606 GN=NEK6 PE=1 SV=2
sp|Q8TDX7|NEK7_HUMAN      -          muscle_uniref90_100_90 -            1.7e-16   59.6   0.0   2.1e-16   59.3   0.0   1.0   1   0   0   1   1   1   1 Serine/threonine-protein kinase Nek7 OS=Homo sapiens OX=9606 GN=NEK7 PE=1 SV=1
sp|Q13043|STK4_HUMAN      -          muscle_uniref90_100_90 -            2.2e-16   59.2   0.0   2.2e-16   59.2   0.0   2.3   1   1   1   2   2   1   1 Serine/threonine-protein kinase 4 OS=Homo sapiens OX=9606 GN=STK4 PE=1 SV=2
sp|Q9P286|PAK5_HUMAN      -          muscle_uniref90_100_90 -            2.3e-16   59.2   0.0   3.8e-16   58.4   0.0   1.2   1   0   0   1   1   1   1 Serine/threonine-protein kinase PAK 5 OS=Homo sapiens OX=9606 GN=PAK5 PE=1 SV=1
sp|Q13976|KGP1_HUMAN      -          muscle_uniref90_100_90 -            2.8e-16   58.9   0.0     4e-16   58.4   0.0   1.1   1   0   0   1   1   1   1 cGMP-dependent protein kinase 1 OS=Homo sapiens OX=9606 GN=PRKG1 PE=1 SV=3
sp|Q9Y2H1|ST38L_HUMAN     -          muscle_uniref90_100_90 -            5.9e-16   57.8   0.7   4.9e-07   28.3   0.3   2.2   2   0   0   2   2   2   2 Serine/threonine-protein kinase 38-like OS=Homo sapiens OX=9606 GN=STK38L PE=1 SV=3
sp|P68400|CSK21_HUMAN     -          muscle_uniref90_100_90 -            6.2e-16   57.7   0.2   1.8e-12   46.3   0.1   2.0   2   0   0   2   2   2   2 Casein kinase II subunit alpha OS=Homo sapiens OX=9606 GN=CSNK2A1 PE=1 SV=1
sp|Q15835|RK_HUMAN        -          muscle_uniref90_100_90 -            6.3e-16   57.7   0.0   8.6e-16   57.3   0.0   1.1   1   0   0   1   1   1   1 Rhodopsin kinase OS=Homo sapiens OX=9606 GN=GRK1 PE=1 SV=1
sp|O15111|IKKA_HUMAN      -          muscle_uniref90_100_90 -            6.5e-16   57.7   0.0   9.5e-16   57.1   0.0   1.1   1   0   0   1   1   1   1 Inhibitor of nuclear factor kappa-B kinase subunit alpha OS=Homo sapiens OX=9606 GN=CHUK PE=1 SV=2
sp|P00519|ABL1_HUMAN      -          muscle_uniref90_100_90 -            8.8e-16   57.2   0.1   8.8e-16   57.2   0.1   2.2   2   0   0   2   2   1   1 Tyrosine-protein kinase ABL1 OS=Homo sapiens OX=9606 GN=ABL1 PE=1 SV=4
sp|P53778|MK12_HUMAN      -          muscle_uniref90_100_90 -            1.4e-15   56.6   0.0   4.2e-14   51.6   0.0   2.0   1   1   0   1   1   1   1 Mitogen-activated protein kinase 12 OS=Homo sapiens OX=9606 GN=MAPK12 PE=1 SV=3
sp|P42684|ABL2_HUMAN      -          muscle_uniref90_100_90 -            1.6e-15   56.3   0.0     4e-15   55.0   0.0   1.6   1   0   0   1   1   1   1 Tyrosine-protein kinase ABL2 OS=Homo sapiens OX=9606 GN=ABL2 PE=1 SV=1
sp|Q02156|KPCE_HUMAN      -          muscle_uniref90_100_90 -            1.8e-15   56.2   0.0   2.9e-15   55.5   0.0   1.2   1   0   0   1   1   1   1 Protein kinase C epsilon type OS=Homo sapiens OX=9606 GN=PRKCE PE=1 SV=1
sp|P53350|PLK1_HUMAN      -          muscle_uniref90_100_90 -            2.6e-15   55.6   0.0   3.5e-15   55.2   0.0   1.0   1   0   0   1   1   1   1 Serine/threonine-protein kinase PLK1 OS=Homo sapiens OX=9606 GN=PLK1 PE=1 SV=1
sp|P28482|MK01_HUMAN      -          muscle_uniref90_100_90 -            3.3e-15   55.3   0.0   3.8e-14   51.8   0.0   1.9   2   0   0   2   2   2   1 Mitogen-activated protein kinase 1 OS=Homo sapiens OX=9606 GN=MAPK1 PE=1 SV=3
sp|Q52WX2|SBK1_HUMAN      -          muscle_uniref90_100_90 -            3.5e-15   55.2   0.0   4.7e-15   54.8   0.0   1.0   1   0   0   1   1   1   1 Serine/threonine-protein kinase SBK1 OS=Homo sapiens OX=9606 GN=SBK1 PE=2 SV=1
sp|P24941|CDK2_HUMAN      -          muscle_uniref90_100_90 -            3.5e-15   55.2   0.0   1.3e-13   50.1   0.0   2.0   2   0   0   2   2   2   1 Cyclin-dependent kinase 2 OS=Homo sapiens OX=9606 GN=CDK2 PE=1 SV=2
sp|Q15208|STK38_HUMAN     -          muscle_uniref90_100_90 -            3.7e-15   55.2   1.4   8.5e-07   27.5   0.0   2.3   2   1   0   2   2   2   2 Serine/threonine-protein kinase 38 OS=Homo sapiens OX=9606 GN=STK38 PE=1 SV=1
sp|P20794|MAK_HUMAN       -          muscle_uniref90_100_90 -            4.2e-15   55.0   0.0   2.6e-14   52.4   0.0   1.9   2   0   0   2   2   2   1 Serine/threonine-protein kinase MAK OS=Homo sapiens OX=9606 GN=MAK PE=1 SV=2
sp|P08631|HCK_HUMAN       -          muscle_uniref90_100_90 -            5.3e-15   54.6   0.0     7e-15   54.2   0.0   1.1   1   0   0   1   1   1   1 Tyrosine-protein kinase HCK OS=Homo sapiens OX=9606 GN=HCK PE=1 SV=5
sp|Q96PF2|TSSK2_HUMAN     -          muscle_uniref90_100_90 -            5.3e-15   54.6   0.0   7.5e-15   54.1   0.0   1.1   1   0   0   1   1   1   1 Testis-specific serine/threonine-protein kinase 2 OS=Homo sapiens OX=9606 GN=TSSK2 PE=1 SV=2
sp|Q9H2G2|SLK_HUMAN       -          muscle_uniref90_100_90 -            5.9e-15   54.5   0.1   5.9e-15   54.5   0.1   6.0   2   2   2   5   5   1   1 STE20-like serine/threonine-protein kinase OS=Homo sapiens OX=9606 GN=SLK PE=1 SV=1
sp|Q86SG6|NEK8_HUMAN      -          muscle_uniref90_100_90 -            7.4e-15   54.1   0.1     1e-14   53.7   0.1   1.0   1   0   0   1   1   1   1 Serine/threonine-protein kinase Nek8 OS=Homo sapiens OX=9606 GN=NEK8 PE=1 SV=1
sp|P06239|LCK_HUMAN       -          muscle_uniref90_100_90 -            7.8e-15   54.1   0.0     1e-14   53.7   0.0   1.0   1   0   0   1   1   1   1 Tyrosine-protein kinase Lck OS=Homo sapiens OX=9606 GN=LCK PE=1 SV=6
sp|Q14164|IKKE_HUMAN      -          muscle_uniref90_100_90 -            9.4e-15   53.8   0.0   1.4e-14   53.2   0.0   1.2   1   0   0   1   1   1   1 Inhibitor of nuclear factor kappa-B kinase subunit epsilon OS=Homo sapiens OX=9606 GN=IKBKE PE=1 SV=1
sp|O96013|PAK4_HUMAN      -          muscle_uniref90_100_90 -            9.8e-15   53.7   0.0   1.5e-14   53.2   0.0   1.1   1   0   0   1   1   1   1 Serine/threonine-protein kinase PAK 4 OS=Homo sapiens OX=9606 GN=PAK4 PE=1 SV=1
sp|Q8NEV1|CSK23_HUMAN     -          muscle_uniref90_100_90 -            1.1e-14   53.5   0.2   3.4e-11   42.0   0.1   2.0   2   0   0   2   2   2   2 Casein kinase II subunit alpha 3 OS=Homo sapiens OX=9606 GN=CSNK2A3 PE=1 SV=2
sp|Q09013|DMPK_HUMAN      -          muscle_uniref90_100_90 -            1.2e-14   53.5   0.1   3.4e-14   52.0   0.0   1.6   2   0   0   2   2   1   1 Myotonin-protein kinase OS=Homo sapiens OX=9606 GN=DMPK PE=1 SV=3
sp|P43405|KSYK_HUMAN      -          muscle_uniref90_100_90 -            2.2e-14   52.6   0.0     3e-14   52.2   0.0   1.1   1   0   0   1   1   1   1 Tyrosine-protein kinase SYK OS=Homo sapiens OX=9606 GN=SYK PE=1 SV=1
sp|P19784|CSK22_HUMAN     -          muscle_uniref90_100_90 -            2.7e-14   52.3   0.6   6.4e-12   44.4   0.2   2.0   2   0   0   2   2   2   1 Casein kinase II subunit alpha' OS=Homo sapiens OX=9606 GN=CSNK2A2 PE=1 SV=1
sp|Q96RR4|KKCC2_HUMAN     -          muscle_uniref90_100_90 -            2.8e-14   52.2   0.0   4.1e-14   51.7   0.0   1.1   1   0   0   1   1   1   1 Calcium/calmodulin-dependent protein kinase kinase 2 OS=Homo sapiens OX=9606 GN=CAMKK2 PE=1 SV=2
sp|Q8N5S9|KKCC1_HUMAN     -          muscle_uniref90_100_90 -            3.6e-14   51.9   0.0   4.8e-14   51.5   0.0   1.1   1   0   0   1   1   1   1 Calcium/calmodulin-dependent protein kinase kinase 1 OS=Homo sapiens OX=9606 GN=CAMKK1 PE=1 SV=2
sp|P51451|BLK_HUMAN       -          muscle_uniref90_100_90 -            4.1e-14   51.7   0.0   5.4e-14   51.3   0.0   1.1   1   0   0   1   1   1   1 Tyrosine-protein kinase Blk OS=Homo sapiens OX=9606 GN=BLK PE=1 SV=3
sp|Q6P0Q8|MAST2_HUMAN     -          muscle_uniref90_100_90 -              5e-14   51.4   0.0     2e-13   49.4   0.0   1.7   1   1   0   1   1   1   1 Microtubule-associated serine/threonine-protein kinase 2 OS=Homo sapiens OX=9606 GN=MAST2 PE=1 SV=2
sp|Q9UPZ9|ICK_HUMAN       -          muscle_uniref90_100_90 -            6.2e-14   51.1   0.0     9e-14   50.6   0.0   1.1   1   0   0   1   1   1   1 Serine/threonine-protein kinase ICK OS=Homo sapiens OX=9606 GN=ICK PE=1 SV=1
sp|P06241|FYN_HUMAN       -          muscle_uniref90_100_90 -            6.9e-14   51.0   0.0   8.9e-14   50.6   0.0   1.0   1   0   0   1   1   1   1 Tyrosine-protein kinase Fyn OS=Homo sapiens OX=9606 GN=FYN PE=1 SV=3
sp|Q16539|MK14_HUMAN      -          muscle_uniref90_100_90 -            7.6e-14   50.8   0.0   1.3e-12   46.8   0.0   2.0   2   0   0   2   2   2   1 Mitogen-activated protein kinase 14 OS=Homo sapiens OX=9606 GN=MAPK14 PE=1 SV=3
sp|O60307|MAST3_HUMAN     -          muscle_uniref90_100_90 -            8.8e-14   50.6   0.0   3.1e-13   48.8   0.0   1.6   1   1   0   1   1   1   1 Microtubule-associated serine/threonine-protein kinase 3 OS=Homo sapiens OX=9606 GN=MAST3 PE=1 SV=2
sp|Q92772|CDKL2_HUMAN     -          muscle_uniref90_100_90 -            1.1e-13   50.3   0.3   1.1e-13   50.3   0.3   1.9   2   0   0   2   2   2   1 Cyclin-dependent kinase-like 2 OS=Homo sapiens OX=9606 GN=CDKL2 PE=1 SV=1
sp|O14920|IKKB_HUMAN      -          muscle_uniref90_100_90 -            1.1e-13   50.3   0.0   1.8e-13   49.6   0.0   1.2   1   0   0   1   1   1   1 Inhibitor of nuclear factor kappa-B kinase subunit beta OS=Homo sapiens OX=9606 GN=IKBKB PE=1 SV=1
sp|Q9BXA6|TSSK6_HUMAN     -          muscle_uniref90_100_90 -            1.1e-13   50.3   0.0   1.4e-13   49.9   0.0   1.1   1   0   0   1   1   1   1 Testis-specific serine/threonine-protein kinase 6 OS=Homo sapiens OX=9606 GN=TSSK6 PE=1 SV=1
sp|Q9UHD2|TBK1_HUMAN      -          muscle_uniref90_100_90 -            1.3e-13   50.0   0.0     2e-13   49.4   0.0   1.1   1   0   0   1   1   1   1 Serine/threonine-protein kinase TBK1 OS=Homo sapiens OX=9606 GN=TBK1 PE=1 SV=1
sp|O94921|CDK14_HUMAN     -          muscle_uniref90_100_90 -            1.5e-13   49.8   0.1   1.8e-12   46.3   0.0   2.0   2   0   0   2   2   2   1 Cyclin-dependent kinase 14 OS=Homo sapiens OX=9606 GN=CDK14 PE=1 SV=3
sp|P07948|LYN_HUMAN       -          muscle_uniref90_100_90 -            2.2e-13   49.2   0.0     3e-13   48.8   0.0   1.1   1   0   0   1   1   1   1 Tyrosine-protein kinase Lyn OS=Homo sapiens OX=9606 GN=LYN PE=1 SV=3
sp|P41279|M3K8_HUMAN      -          muscle_uniref90_100_90 -            2.4e-13   49.2   0.2   3.7e-13   48.5   0.0   1.3   2   0   0   2   2   1   1 Mitogen-activated protein kinase kinase kinase 8 OS=Homo sapiens OX=9606 GN=MAP3K8 PE=1 SV=2
sp|Q9Y6R4|M3K4_HUMAN      -          muscle_uniref90_100_90 -              4e-13   48.4   1.1   5.9e-13   47.9   0.0   1.7   2   0   0   2   2   1   1 Mitogen-activated protein kinase kinase kinase 4 OS=Homo sapiens OX=9606 GN=MAP3K4 PE=1 SV=2
sp|O15264|MK13_HUMAN      -          muscle_uniref90_100_90 -            5.2e-13   48.0   0.0   1.6e-11   43.2   0.0   2.0   2   0   0   2   2   2   1 Mitogen-activated protein kinase 13 OS=Homo sapiens OX=9606 GN=MAPK13 PE=1 SV=1
sp|Q9NYL2|M3K20_HUMAN     -          muscle_uniref90_100_90 -            5.4e-13   48.0   0.0     9e-13   47.3   0.0   1.2   1   0   0   1   1   1   1 Mitogen-activated protein kinase kinase kinase 20 OS=Homo sapiens OX=9606 GN=MAP3K20 PE=1 SV=3
sp|P42680|TEC_HUMAN       -          muscle_uniref90_100_90 -            5.6e-13   47.9   0.0   7.7e-13   47.5   0.0   1.1   1   0   0   1   1   1   1 Tyrosine-protein kinase Tec OS=Homo sapiens OX=9606 GN=TEC PE=1 SV=2
sp|Q96RG2|PASK_HUMAN      -          muscle_uniref90_100_90 -            5.9e-13   47.9   0.0   8.5e-13   47.3   0.0   1.1   1   0   0   1   1   1   1 PAS domain-containing serine/threonine-protein kinase OS=Homo sapiens OX=9606 GN=PASK PE=1 SV=3
sp|Q8IVW4|CDKL3_HUMAN     -          muscle_uniref90_100_90 -            6.2e-13   47.8   0.1   6.2e-13   47.8   0.1   2.4   3   0   0   3   3   1   1 Cyclin-dependent kinase-like 3 OS=Homo sapiens OX=9606 GN=CDKL3 PE=1 SV=1
sp|P27361|MK03_HUMAN      -          muscle_uniref90_100_90 -            8.1e-13   47.4   0.0   2.2e-12   46.0   0.0   1.6   2   0   0   2   2   2   1 Mitogen-activated protein kinase 3 OS=Homo sapiens OX=9606 GN=MAPK3 PE=1 SV=4
sp|Q02779|M3K10_HUMAN     -          muscle_uniref90_100_90 -            8.4e-13   47.4   0.0   1.5e-12   46.5   0.0   1.3   1   0   0   1   1   1   1 Mitogen-activated protein kinase kinase kinase 10 OS=Homo sapiens OX=9606 GN=MAP3K10 PE=1 SV=3
sp|Q6ZWH5|NEK10_HUMAN     -          muscle_uniref90_100_90 -            8.7e-13   47.3   0.0   1.6e-12   46.4   0.0   1.4   1   0   0   1   1   1   1 Serine/threonine-protein kinase Nek10 OS=Homo sapiens OX=9606 GN=NEK10 PE=2 SV=3
sp|P42681|TXK_HUMAN       -          muscle_uniref90_100_90 -              1e-12   47.1   0.1   1.5e-12   46.5   0.1   1.2   1   0   0   1   1   1   1 Tyrosine-protein kinase TXK OS=Homo sapiens OX=9606 GN=TXK PE=1 SV=3
sp|Q9UBS0|KS6B2_HUMAN     -          muscle_uniref90_100_90 -            1.1e-12   47.0   0.0   1.3e-12   46.7   0.0   1.0   1   0   0   1   1   1   1 Ribosomal protein S6 kinase beta-2 OS=Homo sapiens OX=9606 GN=RPS6KB2 PE=1 SV=2
sp|Q9Y2H9|MAST1_HUMAN     -          muscle_uniref90_100_90 -            1.1e-12   46.9   0.2   5.2e-12   44.7   0.0   2.1   2   1   0   2   2   1   1 Microtubule-associated serine/threonine-protein kinase 1 OS=Homo sapiens OX=9606 GN=MAST1 PE=1 SV=2
sp|Q05513|KPCZ_HUMAN      -          muscle_uniref90_100_90 -            1.2e-12   46.9   0.0   1.5e-12   46.5   0.0   1.1   1   0   0   1   1   1   1 Protein kinase C zeta type OS=Homo sapiens OX=9606 GN=PRKCZ PE=1 SV=4
sp|P51956|NEK3_HUMAN      -          muscle_uniref90_100_90 -            1.2e-12   46.9   2.9   1.6e-12   46.4   0.0   1.9   2   0   0   2   2   2   1 Serine/threonine-protein kinase Nek3 OS=Homo sapiens OX=9606 GN=NEK3 PE=1 SV=2
sp|Q9NR20|DYRK4_HUMAN     -          muscle_uniref90_100_90 -            1.4e-12   46.6   0.5   1.4e-12   46.6   0.5   2.8   2   1   0   2   2   2   1 Dual specificity tyrosine-phosphorylation-regulated kinase 4 OS=Homo sapiens OX=9606 GN=DYRK4 PE=1 SV=2
sp|O43283|M3K13_HUMAN     -          muscle_uniref90_100_90 -            1.5e-12   46.5   3.1   3.8e-12   45.2   0.0   2.3   2   0   0   2   2   2   1 Mitogen-activated protein kinase kinase kinase 13 OS=Homo sapiens OX=9606 GN=MAP3K13 PE=1 SV=1
sp|P80192|M3K9_HUMAN      -          muscle_uniref90_100_90 -            1.5e-12   46.5   0.0   2.8e-12   45.6   0.0   1.3   1   0   0   1   1   1   1 Mitogen-activated protein kinase kinase kinase 9 OS=Homo sapiens OX=9606 GN=MAP3K9 PE=1 SV=3
sp|Q8TD08|MK15_HUMAN      -          muscle_uniref90_100_90 -            1.6e-12   46.4   0.0   1.7e-09   36.4   0.0   2.1   2   0   0   2   2   2   1 Mitogen-activated protein kinase 15 OS=Homo sapiens OX=9606 GN=MAPK15 PE=1 SV=1
sp|Q06187|BTK_HUMAN       -          muscle_uniref90_100_90 -            1.9e-12   46.2   0.1   2.7e-12   45.7   0.1   1.1   1   0   0   1   1   1   1 Tyrosine-protein kinase BTK OS=Homo sapiens OX=9606 GN=BTK PE=1 SV=3
sp|P09769|FGR_HUMAN       -          muscle_uniref90_100_90 -            2.1e-12   46.0   0.0   2.9e-12   45.6   0.0   1.0   1   0   0   1   1   1   1 Tyrosine-protein kinase Fgr OS=Homo sapiens OX=9606 GN=FGR PE=1 SV=2
sp|Q13882|PTK6_HUMAN      -          muscle_uniref90_100_90 -            2.1e-12   46.0   0.0   2.9e-12   45.5   0.0   1.1   1   0   0   1   1   1   1 Protein-tyrosine kinase 6 OS=Homo sapiens OX=9606 GN=PTK6 PE=1 SV=1
sp|Q16584|M3K11_HUMAN     -          muscle_uniref90_100_90 -            2.3e-12   45.9   0.0   3.3e-12   45.4   0.0   1.1   1   0   0   1   1   1   1 Mitogen-activated protein kinase kinase kinase 11 OS=Homo sapiens OX=9606 GN=MAP3K11 PE=1 SV=1
sp|Q9NY57|ST32B_HUMAN     -          muscle_uniref90_100_90 -            3.1e-12   45.5   0.1   4.2e-12   45.0   0.1   1.1   1   0   0   1   1   1   1 Serine/threonine-protein kinase 32B OS=Homo sapiens OX=9606 GN=STK32B PE=2 SV=1
sp|P11802|CDK4_HUMAN      -          muscle_uniref90_100_90 -            4.3e-12   45.0   0.0   9.4e-12   43.9   0.0   1.4   1   1   0   1   1   1   1 Cyclin-dependent kinase 4 OS=Homo sapiens OX=9606 GN=CDK4 PE=1 SV=2
sp|P51955|NEK2_HUMAN      -          muscle_uniref90_100_90 -            4.5e-12   44.9   0.0   4.5e-12   44.9   0.0   1.9   1   1   1   2   2   1   1 Serine/threonine-protein kinase Nek2 OS=Homo sapiens OX=9606 GN=NEK2 PE=1 SV=1
sp|Q9NRM7|LATS2_HUMAN     -          muscle_uniref90_100_90 -            4.5e-12   44.9   5.0   2.8e-07   29.1   0.0   3.2   2   1   0   2   2   2   2 Serine/threonine-protein kinase LATS2 OS=Homo sapiens OX=9606 GN=LATS2 PE=1 SV=2
sp|Q07002|CDK18_HUMAN     -          muscle_uniref90_100_90 -            4.8e-12   44.8   0.0   9.3e-10   37.3   0.0   2.0   2   0   0   2   2   2   1 Cyclin-dependent kinase 18 OS=Homo sapiens OX=9606 GN=CDK18 PE=1 SV=4
sp|Q9H3Y6|SRMS_HUMAN      -          muscle_uniref90_100_90 -            5.1e-12   44.7   0.0   6.7e-12   44.4   0.0   1.0   1   0   0   1   1   1   1 Tyrosine-protein kinase Srms OS=Homo sapiens OX=9606 GN=SRMS PE=1 SV=1
sp|P50613|CDK7_HUMAN      -          muscle_uniref90_100_90 -            5.5e-12   44.7   0.0   8.8e-12   44.0   0.0   1.2   1   0   0   1   1   1   1 Cyclin-dependent kinase 7 OS=Homo sapiens OX=9606 GN=CDK7 PE=1 SV=1
sp|Q8IVH8|M4K3_HUMAN      -          muscle_uniref90_100_90 -            5.9e-12   44.6   0.3   4.4e-11   41.7   0.0   2.0   2   0   0   2   2   2   1 Mitogen-activated protein kinase kinase kinase kinase 3 OS=Homo sapiens OX=9606 GN=MAP4K3 PE=1 SV=1
sp|Q86UE8|TLK2_HUMAN      -          muscle_uniref90_100_90 -            7.3e-12   44.2   0.0   7.3e-12   44.2   0.0   2.4   2   1   0   2   2   1   1 Serine/threonine-protein kinase tousled-like 2 OS=Homo sapiens OX=9606 GN=TLK2 PE=1 SV=2
sp|Q00534|CDK6_HUMAN      -          muscle_uniref90_100_90 -            8.6e-12   44.0   0.0   1.1e-10   40.3   0.0   2.0   2   0   0   2   2   2   1 Cyclin-dependent kinase 6 OS=Homo sapiens OX=9606 GN=CDK6 PE=1 SV=1
sp|P45984|MK09_HUMAN      -          muscle_uniref90_100_90 -            1.1e-11   43.7   1.5     1e-08   33.9   0.3   2.3   2   1   0   2   2   2   2 Mitogen-activated protein kinase 9 OS=Homo sapiens OX=9606 GN=MAPK9 PE=1 SV=2
sp|Q99558|M3K14_HUMAN     -          muscle_uniref90_100_90 -            1.1e-11   43.7   0.1     3e-11   42.2   0.0   1.7   2   0   0   2   2   1   1 Mitogen-activated protein kinase kinase kinase 14 OS=Homo sapiens OX=9606 GN=MAP3K14 PE=1 SV=2
sp|P41743|KPCI_HUMAN      -          muscle_uniref90_100_90 -            1.1e-11   43.7   0.0   1.5e-11   43.2   0.0   1.1   1   0   0   1   1   1   1 Protein kinase C iota type OS=Homo sapiens OX=9606 GN=PRKCI PE=1 SV=2
sp|P07947|YES_HUMAN       -          muscle_uniref90_100_90 -            1.1e-11   43.6   0.0   1.5e-11   43.2   0.0   1.0   1   0   0   1   1   1   1 Tyrosine-protein kinase Yes OS=Homo sapiens OX=9606 GN=YES1 PE=1 SV=3
sp|Q16659|MK06_HUMAN      -          muscle_uniref90_100_90 -            1.2e-11   43.6   1.3   3.5e-09   35.4   0.0   2.9   3   0   0   3   3   3   1 Mitogen-activated protein kinase 6 OS=Homo sapiens OX=9606 GN=MAPK6 PE=1 SV=1
sp|Q8WU08|ST32A_HUMAN     -          muscle_uniref90_100_90 -            1.3e-11   43.4   0.2   2.2e-11   42.7   0.2   1.2   1   0   0   1   1   1   1 Serine/threonine-protein kinase 32A OS=Homo sapiens OX=9606 GN=STK32A PE=1 SV=2
sp|O60674|JAK2_HUMAN      -          muscle_uniref90_100_90 -            1.4e-11   43.3   0.0   2.2e-11   42.7   0.0   1.1   1   0   0   1   1   1   1 Tyrosine-protein kinase JAK2 OS=Homo sapiens OX=9606 GN=JAK2 PE=1 SV=2
sp|Q9Y6E0|STK24_HUMAN     -          muscle_uniref90_100_90 -            1.6e-11   43.1   0.0   3.4e-11   42.0   0.0   1.5   1   1   0   1   1   1   1 Serine/threonine-protein kinase 24 OS=Homo sapiens OX=9606 GN=STK24 PE=1 SV=1
sp|P31152|MK04_HUMAN      -          muscle_uniref90_100_90 -            1.7e-11   43.0   0.0   1.1e-09   37.1   0.0   2.1   2   0   0   2   2   2   1 Mitogen-activated protein kinase 4 OS=Homo sapiens OX=9606 GN=MAPK4 PE=1 SV=2
sp|Q00536|CDK16_HUMAN     -          muscle_uniref90_100_90 -            1.7e-11   43.0   0.0   5.8e-10   37.9   0.0   2.0   2   0   0   2   2   2   1 Cyclin-dependent kinase 16 OS=Homo sapiens OX=9606 GN=CDK16 PE=1 SV=1
sp|Q9BXA7|TSSK1_HUMAN     -          muscle_uniref90_100_90 -            2.1e-11   42.7   1.0   3.7e-11   41.9   0.0   1.6   1   1   0   1   1   1   1 Testis-specific serine/threonine-protein kinase 1 OS=Homo sapiens OX=9606 GN=TSSK1B PE=1 SV=1
sp|O15021|MAST4_HUMAN     -          muscle_uniref90_100_90 -            2.6e-11   42.4   0.0   2.6e-11   42.4   0.0   3.5   3   1   0   3   3   1   1 Microtubule-associated serine/threonine-protein kinase 4 OS=Homo sapiens OX=9606 GN=MAST4 PE=1 SV=4
sp|P25098|ARBK1_HUMAN     -          muscle_uniref90_100_90 -            2.8e-11   42.3   0.0   4.3e-11   41.7   0.0   1.2   1   0   0   1   1   1   1 Beta-adrenergic receptor kinase 1 OS=Homo sapiens OX=9606 GN=GRK2 PE=1 SV=2
sp|P12931|SRC_HUMAN       -          muscle_uniref90_100_90 -            3.5e-11   42.0   0.0   4.7e-11   41.6   0.0   1.1   1   0   0   1   1   1   1 Proto-oncogene tyrosine-protein kinase Src OS=Homo sapiens OX=9606 GN=SRC PE=1 SV=3
sp|Q00532|CDKL1_HUMAN     -          muscle_uniref90_100_90 -            3.9e-11   41.8   0.0   3.7e-10   38.6   0.0   1.8   2   0   0   2   2   2   1 Cyclin-dependent kinase-like 1 OS=Homo sapiens OX=9606 GN=CDKL1 PE=1 SV=6
sp|Q6ZN16|M3K15_HUMAN     -          muscle_uniref90_100_90 -            3.9e-11   41.8   0.0   5.7e-11   41.3   0.0   1.1   1   0   0   1   1   1   1 Mitogen-activated protein kinase kinase kinase 15 OS=Homo sapiens OX=9606 GN=MAP3K15 PE=1 SV=2
sp|Q9UKI8|TLK1_HUMAN      -          muscle_uniref90_100_90 -            4.3e-11   41.7   0.0   4.3e-11   41.7   0.0   2.6   2   1   1   3   3   1   1 Serine/threonine-protein kinase tousled-like 1 OS=Homo sapiens OX=9606 GN=TLK1 PE=1 SV=2
sp|Q00526|CDK3_HUMAN      -          muscle_uniref90_100_90 -            4.7e-11   41.6   0.0   1.6e-09   36.5   0.0   2.0   2   0   0   2   2   2   1 Cyclin-dependent kinase 3 OS=Homo sapiens OX=9606 GN=CDK3 PE=1 SV=1
sp|O00506|STK25_HUMAN     -          muscle_uniref90_100_90 -            4.9e-11   41.5   0.0   1.1e-10   40.3   0.0   1.6   1   1   0   1   1   1   1 Serine/threonine-protein kinase 25 OS=Homo sapiens OX=9606 GN=STK25 PE=1 SV=1
sp|P49760|CLK2_HUMAN      -          muscle_uniref90_100_90 -              5e-11   41.5   0.1   3.1e-10   38.8   0.1   2.0   1   1   0   1   1   1   1 Dual specificity protein kinase CLK2 OS=Homo sapiens OX=9606 GN=CLK2 PE=1 SV=1
sp|Q9P289|STK26_HUMAN     -          muscle_uniref90_100_90 -            6.5e-11   41.1   3.1   3.4e-10   38.7   0.0   2.1   2   0   0   2   2   2   1 Serine/threonine-protein kinase 26 OS=Homo sapiens OX=9606 GN=STK26 PE=1 SV=2
sp|P52333|JAK3_HUMAN      -          muscle_uniref90_100_90 -            6.6e-11   41.1   0.0   9.5e-11   40.5   0.0   1.1   1   0   0   1   1   1   1 Tyrosine-protein kinase JAK3 OS=Homo sapiens OX=9606 GN=JAK3 PE=1 SV=2
sp|Q8WTQ7|GRK7_HUMAN      -          muscle_uniref90_100_90 -            6.7e-11   41.1   0.0   8.4e-11   40.7   0.0   1.1   1   0   0   1   1   1   1 Rhodopsin kinase OS=Homo sapiens OX=9606 GN=GRK7 PE=1 SV=1
sp|Q12852|M3K12_HUMAN     -          muscle_uniref90_100_90 -            7.1e-11   41.0   1.4   1.1e-10   40.3   0.0   1.7   2   0   0   2   2   2   1 Mitogen-activated protein kinase kinase kinase 12 OS=Homo sapiens OX=9606 GN=MAP3K12 PE=1 SV=2
sp|Q92630|DYRK2_HUMAN     -          muscle_uniref90_100_90 -            7.4e-11   40.9   0.1   4.2e-09   35.1   0.0   2.1   2   0   0   2   2   2   1 Dual specificity tyrosine-phosphorylation-regulated kinase 2 OS=Homo sapiens OX=9606 GN=DYRK2 PE=1 SV=3
sp|Q99683|M3K5_HUMAN      -          muscle_uniref90_100_90 -            7.7e-11   40.9   0.0   1.3e-10   40.1   0.0   1.2   1   0   0   1   1   1   1 Mitogen-activated protein kinase kinase kinase 5 OS=Homo sapiens OX=9606 GN=MAP3K5 PE=1 SV=1
sp|Q08881|ITK_HUMAN       -          muscle_uniref90_100_90 -            8.9e-11   40.6   0.0   1.2e-10   40.2   0.0   1.1   1   0   0   1   1   1   1 Tyrosine-protein kinase ITK/TSK OS=Homo sapiens OX=9606 GN=ITK PE=1 SV=1
sp|Q00535|CDK5_HUMAN      -          muscle_uniref90_100_90 -            9.1e-11   40.6   0.0   6.8e-09   34.4   0.0   2.0   2   0   0   2   2   2   1 Cyclin-dependent-like kinase 5 OS=Homo sapiens OX=9606 GN=CDK5 PE=1 SV=3
sp|Q8IZL9|CDK20_HUMAN     -          muscle_uniref90_100_90 -            9.9e-11   40.5   0.0   1.3e-10   40.1   0.0   1.2   1   0   0   1   1   1   1 Cyclin-dependent kinase 20 OS=Homo sapiens OX=9606 GN=CDK20 PE=1 SV=1
sp|Q00537|CDK17_HUMAN     -          muscle_uniref90_100_90 -            1.1e-10   40.4   0.0   1.6e-10   39.8   0.0   1.1   1   0   0   1   1   1   1 Cyclin-dependent kinase 17 OS=Homo sapiens OX=9606 GN=CDK17 PE=1 SV=2
sp|Q9UBE8|NLK_HUMAN       -          muscle_uniref90_100_90 -            1.1e-10   40.3   0.6   8.6e-08   30.8   0.0   2.5   2   1   0   2   2   2   1 Serine/threonine-protein kinase NLK OS=Homo sapiens OX=9606 GN=NLK PE=1 SV=2
sp|Q9Y463|DYR1B_HUMAN     -          muscle_uniref90_100_90 -            1.6e-10   39.8   0.1     3e-10   38.9   0.1   1.4   1   1   0   1   1   1   1 Dual specificity tyrosine-phosphorylation-regulated kinase 1B OS=Homo sapiens OX=9606 GN=DYRK1B PE=1 SV=1
sp|Q5TCX8|M3K21_HUMAN     -          muscle_uniref90_100_90 -            1.8e-10   39.6   0.8   9.4e-10   37.3   0.0   2.3   3   0   0   3   3   2   1 Mitogen-activated protein kinase kinase kinase 21 OS=Homo sapiens OX=9606 GN=MAP3K21 PE=1 SV=3
sp|Q6SA08|TSSK4_HUMAN     -          muscle_uniref90_100_90 -            2.1e-10   39.4   0.0   2.2e-08   32.7   0.0   2.0   2   0   0   2   2   2   1 Testis-specific serine/threonine-protein kinase 4 OS=Homo sapiens OX=9606 GN=TSSK4 PE=1 SV=1
sp|P45983|MK08_HUMAN      -          muscle_uniref90_100_90 -              3e-10   38.9   0.8   4.1e-06   25.2   0.1   2.1   2   0   0   2   2   2   2 Mitogen-activated protein kinase 8 OS=Homo sapiens OX=9606 GN=MAPK8 PE=1 SV=2
sp|Q14289|FAK2_HUMAN      -          muscle_uniref90_100_90 -            3.6e-10   38.6   0.2   5.9e-10   37.9   0.2   1.2   1   0   0   1   1   1   1 Protein-tyrosine kinase 2-beta OS=Homo sapiens OX=9606 GN=PTK2B PE=1 SV=2
sp|P51957|NEK4_HUMAN      -          muscle_uniref90_100_90 -              4e-10   38.5   0.0     4e-10   38.5   0.0   2.4   2   0   0   2   2   2   1 Serine/threonine-protein kinase Nek4 OS=Homo sapiens OX=9606 GN=NEK4 PE=1 SV=2
sp|P35626|ARBK2_HUMAN     -          muscle_uniref90_100_90 -            4.5e-10   38.3   0.1   6.8e-10   37.7   0.1   1.2   1   0   0   1   1   1   1 Beta-adrenergic receptor kinase 2 OS=Homo sapiens OX=9606 GN=GRK3 PE=1 SV=2
sp|P49759|CLK1_HUMAN      -          muscle_uniref90_100_90 -            5.6e-10   38.0   0.6   3.8e-09   35.3   0.6   2.1   1   1   0   1   1   1   1 Dual specificity protein kinase CLK1 OS=Homo sapiens OX=9606 GN=CLK1 PE=1 SV=2
sp|P53779|MK10_HUMAN      -          muscle_uniref90_100_90 -              6e-10   37.9   0.9     3e-06   25.7   0.2   2.2   2   0   0   2   2   2   2 Mitogen-activated protein kinase 10 OS=Homo sapiens OX=9606 GN=MAPK10 PE=1 SV=2
sp|Q92918|M4K1_HUMAN      -          muscle_uniref90_100_90 -            6.1e-10   37.9   0.0   9.2e-10   37.3   0.0   1.1   1   0   0   1   1   1   1 Mitogen-activated protein kinase kinase kinase kinase 1 OS=Homo sapiens OX=9606 GN=MAP4K1 PE=1 SV=1
sp|Q9HAZ1|CLK4_HUMAN      -          muscle_uniref90_100_90 -            6.2e-10   37.8   0.3   5.8e-09   34.6   0.3   2.3   2   1   0   2   2   1   1 Dual specificity protein kinase CLK4 OS=Homo sapiens OX=9606 GN=CLK4 PE=1 SV=1
sp|Q9Y4K4|M4K5_HUMAN      -          muscle_uniref90_100_90 -            8.2e-10   37.4   0.0   1.5e-09   36.6   0.0   1.3   1   0   0   1   1   1   1 Mitogen-activated protein kinase kinase kinase kinase 5 OS=Homo sapiens OX=9606 GN=MAP4K5 PE=1 SV=2
sp|Q9UKE5|TNIK_HUMAN      -          muscle_uniref90_100_90 -            8.5e-10   37.4   0.1   8.5e-10   37.4   0.1   3.6   3   1   0   3   3   1   1 TRAF2 and NCK-interacting protein kinase OS=Homo sapiens OX=9606 GN=TNIK PE=1 SV=1
sp|Q8TD19|NEK9_HUMAN      -          muscle_uniref90_100_90 -            9.3e-10   37.3   0.2   1.4e-09   36.7   0.2   1.2   1   0   0   1   1   1   1 Serine/threonine-protein kinase Nek9 OS=Homo sapiens OX=9606 GN=NEK9 PE=1 SV=2
sp|P19525|E2AK2_HUMAN     -          muscle_uniref90_100_90 -            1.1e-09   37.0   0.1   9.5e-09   33.9   0.0   2.0   2   0   0   2   2   2   1 Interferon-induced, double-stranded RNA-activated protein kinase OS=Homo sapiens OX=9606 GN=EIF2AK2 PE=1 SV=2
sp|Q8N4C8|MINK1_HUMAN     -          muscle_uniref90_100_90 -            1.3e-09   36.8   0.0   1.3e-09   36.8   0.0   2.3   2   0   0   2   2   1   1 Misshapen-like kinase 1 OS=Homo sapiens OX=9606 GN=MINK1 PE=1 SV=2
sp|Q13627|DYR1A_HUMAN     -          muscle_uniref90_100_90 -            1.4e-09   36.7   0.1   1.4e-09   36.7   0.1   2.3   2   0   0   2   2   1   1 Dual specificity tyrosine-phosphorylation-regulated kinase 1A OS=Homo sapiens OX=9606 GN=DYRK1A PE=1 SV=2
sp|P41240|CSK_HUMAN       -          muscle_uniref90_100_90 -            1.5e-09   36.6   0.0     2e-09   36.2   0.0   1.0   1   0   0   1   1   1   1 Tyrosine-protein kinase CSK OS=Homo sapiens OX=9606 GN=CSK PE=1 SV=1
sp|Q8NG66|NEK11_HUMAN     -          muscle_uniref90_100_90 -            1.5e-09   36.6  10.1   4.3e-09   35.1   9.2   1.8   1   1   0   1   1   1   1 Serine/threonine-protein kinase Nek11 OS=Homo sapiens OX=9606 GN=NEK11 PE=1 SV=2
sp|P42685|FRK_HUMAN       -          muscle_uniref90_100_90 -            1.8e-09   36.4   0.0   2.3e-09   35.9   0.0   1.0   1   0   0   1   1   1   1 Tyrosine-protein kinase FRK OS=Homo sapiens OX=9606 GN=FRK PE=1 SV=1
sp|O43781|DYRK3_HUMAN     -          muscle_uniref90_100_90 -            1.9e-09   36.2   0.4   7.3e-08   31.0   0.0   2.2   2   0   0   2   2   2   1 Dual specificity tyrosine-phosphorylation-regulated kinase 3 OS=Homo sapiens OX=9606 GN=DYRK3 PE=1 SV=3
sp|Q13233|M3K1_HUMAN      -          muscle_uniref90_100_90 -              2e-09   36.2   0.1     2e-09   36.2   0.1   1.6   2   0   0   2   2   1   1 Mitogen-activated protein kinase kinase kinase 1 OS=Homo sapiens OX=9606 GN=MAP3K1 PE=1 SV=4
sp|Q8N2I9|STK40_HUMAN     -          muscle_uniref90_100_90 -            2.2e-09   36.1   0.0   3.1e-09   35.5   0.0   1.1   1   0   0   1   1   1   1 Serine/threonine-protein kinase 40 OS=Homo sapiens OX=9606 GN=STK40 PE=1 SV=2
sp|Q5MAI5|CDKL4_HUMAN     -          muscle_uniref90_100_90 -            2.2e-09   36.0   0.7   2.6e-09   35.8   0.0   1.3   2   0   0   2   2   1   1 Cyclin-dependent kinase-like 4 OS=Homo sapiens OX=9606 GN=CDKL4 PE=2 SV=2
sp|Q15759|MK11_HUMAN      -          muscle_uniref90_100_90 -            2.2e-09   36.0   0.0   2.4e-08   32.6   0.0   2.0   2   0   0   2   2   2   1 Mitogen-activated protein kinase 11 OS=Homo sapiens OX=9606 GN=MAPK11 PE=1 SV=2
sp|P43403|ZAP70_HUMAN     -          muscle_uniref90_100_90 -            2.4e-09   35.9   0.0   3.3e-09   35.5   0.0   1.1   1   0   0   1   1   1   1 Tyrosine-protein kinase ZAP-70 OS=Homo sapiens OX=9606 GN=ZAP70 PE=1 SV=1
sp|O95382|M3K6_HUMAN      -          muscle_uniref90_100_90 -            2.9e-09   35.7   0.0   4.6e-09   35.0   0.0   1.2   1   0   0   1   1   1   1 Mitogen-activated protein kinase kinase kinase 6 OS=Homo sapiens OX=9606 GN=MAP3K6 PE=1 SV=3
sp|P29597|TYK2_HUMAN      -          muscle_uniref90_100_90 -            3.7e-09   35.3   0.0   5.2e-09   34.8   0.0   1.1   1   0   0   1   1   1   1 Non-receptor tyrosine-protein kinase TYK2 OS=Homo sapiens OX=9606 GN=TYK2 PE=1 SV=3
sp|Q86UX6|ST32C_HUMAN     -          muscle_uniref90_100_90 -              4e-09   35.2   0.0   6.8e-09   34.4   0.0   1.3   1   0   0   1   1   1   1 Serine/threonine-protein kinase 32C OS=Homo sapiens OX=9606 GN=STK32C PE=1 SV=1
sp|Q9UQ07|MOK_HUMAN       -          muscle_uniref90_100_90 -            4.3e-09   35.1   0.2   6.6e-08   31.1   0.0   2.0   2   0   0   2   2   2   1 MAPK/MAK/MRK overlapping kinase OS=Homo sapiens OX=9606 GN=MOK PE=2 SV=1
sp|Q15303|ERBB4_HUMAN     -          muscle_uniref90_100_90 -            5.9e-09   34.6   0.0   8.4e-09   34.1   0.0   1.1   1   0   0   1   1   1   1 Receptor tyrosine-protein kinase erbB-4 OS=Homo sapiens OX=9606 GN=ERBB4 PE=1 SV=1
sp|P36888|FLT3_HUMAN      -          muscle_uniref90_100_90 -            6.9e-09   34.4   0.1   2.2e-07   29.4   0.0   2.0   2   0   0   2   2   2   1 Receptor-type tyrosine-protein kinase FLT3 OS=Homo sapiens OX=9606 GN=FLT3 PE=1 SV=2
sp|P29320|EPHA3_HUMAN     -          muscle_uniref90_100_90 -            1.1e-08   33.7   0.0   1.7e-08   33.1   0.0   1.1   1   0   0   1   1   1   1 Ephrin type-A receptor 3 OS=Homo sapiens OX=9606 GN=EPHA3 PE=1 SV=2
sp|Q07912|ACK1_HUMAN      -          muscle_uniref90_100_90 -            1.1e-08   33.7   0.0   1.8e-08   33.0   0.0   1.2   1   0   0   1   1   1   1 Activated CDC42 kinase 1 OS=Homo sapiens OX=9606 GN=TNK2 PE=1 SV=3
sp|Q86Z02|HIPK1_HUMAN     -          muscle_uniref90_100_90 -            1.2e-08   33.6   0.0   2.2e-08   32.7   0.0   1.3   1   0   0   1   1   1   1 Homeodomain-interacting protein kinase 1 OS=Homo sapiens OX=9606 GN=HIPK1 PE=1 SV=1
sp|Q9NYV4|CDK12_HUMAN     -          muscle_uniref90_100_90 -            1.3e-08   33.5   0.1   1.3e-08   33.5   0.1   4.5   5   0   0   5   5   1   1 Cyclin-dependent kinase 12 OS=Homo sapiens OX=9606 GN=CDK12 PE=1 SV=2
sp|Q86V86|PIM3_HUMAN      -          muscle_uniref90_100_90 -            1.4e-08   33.4   0.0     2e-08   32.9   0.0   1.2   1   0   0   1   1   1   1 Serine/threonine-protein kinase pim-3 OS=Homo sapiens OX=9606 GN=PIM3 PE=1 SV=3
sp|Q13163|MP2K5_HUMAN     -          muscle_uniref90_100_90 -            1.9e-08   32.9   0.0   2.7e-08   32.4   0.0   1.2   1   0   0   1   1   1   1 Dual specificity mitogen-activated protein kinase kinase 5 OS=Homo sapiens OX=9606 GN=MAP2K5 PE=1 SV=2
sp|P11309|PIM1_HUMAN      -          muscle_uniref90_100_90 -              2e-08   32.9   0.0   2.3e-08   32.6   0.0   1.1   1   0   0   1   1   1   1 Serine/threonine-protein kinase pim-1 OS=Homo sapiens OX=9606 GN=PIM1 PE=1 SV=4
sp|Q8NE63|HIPK4_HUMAN     -          muscle_uniref90_100_90 -            2.1e-08   32.8   0.0   4.2e-08   31.8   0.0   1.4   1   1   0   1   1   1   1 Homeodomain-interacting protein kinase 4 OS=Homo sapiens OX=9606 GN=HIPK4 PE=1 SV=1
sp|Q13164|MK07_HUMAN      -          muscle_uniref90_100_90 -            2.2e-08   32.7   2.4   3.2e-07   28.9   0.0   2.8   3   0   0   3   3   3   1 Mitogen-activated protein kinase 7 OS=Homo sapiens OX=9606 GN=MAPK7 PE=1 SV=2
sp|Q15375|EPHA7_HUMAN     -          muscle_uniref90_100_90 -            2.9e-08   32.3   0.0   4.5e-08   31.7   0.0   1.2   1   0   0   1   1   1   1 Ephrin type-A receptor 7 OS=Homo sapiens OX=9606 GN=EPHA7 PE=1 SV=3
sp|P29317|EPHA2_HUMAN     -          muscle_uniref90_100_90 -            2.9e-08   32.3   0.0     4e-08   31.9   0.0   1.1   1   0   0   1   1   1   1 Ephrin type-A receptor 2 OS=Homo sapiens OX=9606 GN=EPHA2 PE=1 SV=2
sp|P42679|MATK_HUMAN      -          muscle_uniref90_100_90 -            4.1e-08   31.8   0.0   5.3e-08   31.5   0.0   1.1   1   0   0   1   1   1   1 Megakaryocyte-associated tyrosine-protein kinase OS=Homo sapiens OX=9606 GN=MATK PE=1 SV=1
sp|Q8WXR4|MYO3B_HUMAN     -          muscle_uniref90_100_90 -            4.7e-08   31.6   3.3   4.8e-08   31.6   0.0   2.3   2   1   0   2   2   1   1 Myosin-IIIb OS=Homo sapiens OX=9606 GN=MYO3B PE=2 SV=4
sp|P29323|EPHB2_HUMAN     -          muscle_uniref90_100_90 -            5.9e-08   31.3   0.0     1e-07   30.5   0.0   1.2   1   0   0   1   1   1   1 Ephrin type-B receptor 2 OS=Homo sapiens OX=9606 GN=EPHB2 PE=1 SV=5
sp|P07333|CSF1R_HUMAN     -          muscle_uniref90_100_90 -            6.4e-08   31.2   0.1   1.5e-06   26.7   0.0   2.0   2   0   0   2   2   2   1 Macrophage colony-stimulating factor 1 receptor OS=Homo sapiens OX=9606 GN=CSF1R PE=1 SV=2
sp|P54753|EPHB3_HUMAN     -          muscle_uniref90_100_90 -            6.5e-08   31.2   0.0   9.1e-08   30.7   0.0   1.1   1   0   0   1   1   1   1 Ephrin type-B receptor 3 OS=Homo sapiens OX=9606 GN=EPHB3 PE=1 SV=2
sp|Q9H2X6|HIPK2_HUMAN     -          muscle_uniref90_100_90 -            7.7e-08   30.9   3.4   1.1e-07   30.4   0.0   2.2   2   0   0   2   2   1   1 Homeodomain-interacting protein kinase 2 OS=Homo sapiens OX=9606 GN=HIPK2 PE=1 SV=2
sp|Q14004|CDK13_HUMAN     -          muscle_uniref90_100_90 -            7.9e-08   30.9   0.1   7.9e-08   30.9   0.1   3.9   4   0   0   4   4   4   1 Cyclin-dependent kinase 13 OS=Homo sapiens OX=9606 GN=CDK13 PE=1 SV=2
sp|P54760|EPHB4_HUMAN     -          muscle_uniref90_100_90 -            9.3e-08   30.6   0.0   1.3e-07   30.1   0.0   1.1   1   0   0   1   1   1   1 Ephrin type-B receptor 4 OS=Homo sapiens OX=9606 GN=EPHB4 PE=1 SV=2
sp|Q96RU8|TRIB1_HUMAN     -          muscle_uniref90_100_90 -            9.4e-08   30.6   0.0   1.3e-07   30.2   0.0   1.1   1   0   0   1   1   1   1 Tribbles homolog 1 OS=Homo sapiens OX=9606 GN=TRIB1 PE=1 SV=2
sp|Q02750|MP2K1_HUMAN     -          muscle_uniref90_100_90 -              1e-07   30.5   0.1   5.8e-07   28.0   0.0   1.9   2   0   0   2   2   2   1 Dual specificity mitogen-activated protein kinase kinase 1 OS=Homo sapiens OX=9606 GN=MAP2K1 PE=1 SV=2
sp|Q96Q40|CDK15_HUMAN     -          muscle_uniref90_100_90 -            1.2e-07   30.3   0.0   2.4e-07   29.3   0.0   1.4   2   0   0   2   2   1   1 Cyclin-dependent kinase 15 OS=Homo sapiens OX=9606 GN=CDK15 PE=1 SV=2
sp|Q15131|CDK10_HUMAN     -          muscle_uniref90_100_90 -            1.2e-07   30.2   0.0   1.6e-07   29.8   0.0   1.1   1   0   0   1   1   1   1 Cyclin-dependent kinase 10 OS=Homo sapiens OX=9606 GN=CDK10 PE=1 SV=1
sp|Q9Y3S1|WNK2_HUMAN      -          muscle_uniref90_100_90 -            1.3e-07   30.2   0.0   2.5e-07   29.2   0.0   1.4   1   0   0   1   1   1   1 Serine/threonine-protein kinase WNK2 OS=Homo sapiens OX=9606 GN=WNK2 PE=1 SV=4
sp|O95835|LATS1_HUMAN     -          muscle_uniref90_100_90 -            1.4e-07   30.1   0.0     7e-05   21.1   0.0   3.8   3   1   1   4   4   2   2 Serine/threonine-protein kinase LATS1 OS=Homo sapiens OX=9606 GN=LATS1 PE=1 SV=1
sp|Q05397|FAK1_HUMAN      -          muscle_uniref90_100_90 -            1.5e-07   30.0   0.0   2.2e-07   29.4   0.0   1.2   1   0   0   1   1   1   1 Focal adhesion kinase 1 OS=Homo sapiens OX=9606 GN=PTK2 PE=1 SV=2
sp|Q92519|TRIB2_HUMAN     -          muscle_uniref90_100_90 -            1.8e-07   29.7   0.0   1.9e-07   29.7   0.0   1.1   1   0   0   1   1   1   1 Tribbles homolog 2 OS=Homo sapiens OX=9606 GN=TRIB2 PE=1 SV=1
sp|P46734|MP2K3_HUMAN     -          muscle_uniref90_100_90 -              2e-07   29.6   0.0   1.2e-06   27.0   0.0   1.8   2   0   0   2   2   2   1 Dual specificity mitogen-activated protein kinase kinase 3 OS=Homo sapiens OX=9606 GN=MAP2K3 PE=1 SV=2
sp|P49761|CLK3_HUMAN      -          muscle_uniref90_100_90 -              2e-07   29.5   0.0   3.9e-07   28.6   0.0   1.5   1   0   0   1   1   1   1 Dual specificity protein kinase CLK3 OS=Homo sapiens OX=9606 GN=CLK3 PE=1 SV=3
sp|Q7Z2Y5|NRK_HUMAN       -          muscle_uniref90_100_90 -            2.1e-07   29.5   0.0   2.1e-07   29.5   0.0   3.2   3   0   0   3   3   1   1 Nik-related protein kinase OS=Homo sapiens OX=9606 GN=NRK PE=1 SV=2
sp|O15146|MUSK_HUMAN      -          muscle_uniref90_100_90 -            2.6e-07   29.2   0.0   3.6e-07   28.7   0.0   1.1   1   0   0   1   1   1   1 Muscle, skeletal receptor tyrosine-protein kinase OS=Homo sapiens OX=9606 GN=MUSK PE=1 SV=1
sp|P10721|KIT_HUMAN       -          muscle_uniref90_100_90 -            2.7e-07   29.1   0.0   4.8e-07   28.3   0.0   1.2   1   0   0   1   1   1   1 Mast/stem cell growth factor receptor Kit OS=Homo sapiens OX=9606 GN=KIT PE=1 SV=1
sp|P54762|EPHB1_HUMAN     -          muscle_uniref90_100_90 -            2.9e-07   29.0   0.0   4.2e-07   28.5   0.0   1.1   1   0   0   1   1   1   1 Ephrin type-B receptor 1 OS=Homo sapiens OX=9606 GN=EPHB1 PE=1 SV=1
sp|O14733|MP2K7_HUMAN     -          muscle_uniref90_100_90 -            3.1e-07   28.9   0.0   4.2e-07   28.5   0.0   1.1   1   0   0   1   1   1   1 Dual specificity mitogen-activated protein kinase kinase 7 OS=Homo sapiens OX=9606 GN=MAP2K7 PE=1 SV=2
sp|P17948|VGFR1_HUMAN     -          muscle_uniref90_100_90 -            3.4e-07   28.8   0.0   5.1e-07   28.2   0.0   1.1   1   0   0   1   1   1   1 Vascular endothelial growth factor receptor 1 OS=Homo sapiens OX=9606 GN=FLT1 PE=1 SV=2
sp|Q16620|NTRK2_HUMAN     -          muscle_uniref90_100_90 -            3.5e-07   28.7   0.0   4.6e-07   28.4   0.0   1.1   1   0   0   1   1   1   1 BDNF/NT-3 growth factors receptor OS=Homo sapiens OX=9606 GN=NTRK2 PE=1 SV=1
sp|P54764|EPHA4_HUMAN     -          muscle_uniref90_100_90 -            4.4e-07   28.4   0.0   6.6e-07   27.8   0.0   1.1   1   0   0   1   1   1   1 Ephrin type-A receptor 4 OS=Homo sapiens OX=9606 GN=EPHA4 PE=1 SV=1
sp|Q9H422|HIPK3_HUMAN     -          muscle_uniref90_100_90 -            4.5e-07   28.4   0.0   4.5e-07   28.4   0.0   1.9   3   0   0   3   3   1   1 Homeodomain-interacting protein kinase 3 OS=Homo sapiens OX=9606 GN=HIPK3 PE=1 SV=1
sp|Q01974|ROR2_HUMAN      -          muscle_uniref90_100_90 -            6.1e-07   27.9   0.0   1.3e-06   26.9   0.0   1.4   1   0   0   1   1   1   1 Tyrosine-protein kinase transmembrane receptor ROR2 OS=Homo sapiens OX=9606 GN=ROR2 PE=1 SV=2
sp|P16234|PGFRA_HUMAN     -          muscle_uniref90_100_90 -            7.5e-07   27.7   0.0   1.4e-06   26.8   0.0   1.3   1   0   0   1   1   1   1 Platelet-derived growth factor receptor alpha OS=Homo sapiens OX=9606 GN=PDGFRA PE=1 SV=1
sp|Q96LW2|KS6R_HUMAN      -          muscle_uniref90_100_90 -            7.5e-07   27.6   0.0   8.5e-07   27.5   0.0   1.1   1   0   0   1   1   1   1 Ribosomal protein S6 kinase-related protein OS=Homo sapiens OX=9606 GN=RSKR PE=2 SV=2
sp|Q13546|RIPK1_HUMAN     -          muscle_uniref90_100_90 -            7.8e-07   27.6   0.3   7.8e-07   27.6   0.3   1.8   2   0   0   2   2   1   1 Receptor-interacting serine/threonine-protein kinase 1 OS=Homo sapiens OX=9606 GN=RIPK1 PE=1 SV=3
sp|Q96S53|TESK2_HUMAN     -          muscle_uniref90_100_90 -            7.9e-07   27.6   0.0   1.3e-06   26.9   0.0   1.2   1   0   0   1   1   1   1 Dual specificity testis-specific protein kinase 2 OS=Homo sapiens OX=9606 GN=TESK2 PE=1 SV=1
sp|P51813|BMX_HUMAN       -          muscle_uniref90_100_90 -            8.5e-07   27.5   0.0   8.5e-07   27.5   0.0   1.4   2   0   0   2   2   1   1 Cytoplasmic tyrosine-protein kinase BMX OS=Homo sapiens OX=9606 GN=BMX PE=1 SV=1
sp|Q9UPE1|SRPK3_HUMAN     -          muscle_uniref90_100_90 -              1e-06   27.2   0.2     0.008   14.3   0.0   2.3   2   0   0   2   2   2   2 SRSF protein kinase 3 OS=Homo sapiens OX=9606 GN=SRPK3 PE=1 SV=2
sp|Q96J92|WNK4_HUMAN      -          muscle_uniref90_100_90 -            1.2e-06   27.0   0.0   2.2e-06   26.1   0.0   1.3   1   0   0   1   1   1   1 Serine/threonine-protein kinase WNK4 OS=Homo sapiens OX=9606 GN=WNK4 PE=1 SV=1
sp|Q8N165|PDK1L_HUMAN     -          muscle_uniref90_100_90 -            1.3e-06   26.9   0.0   2.9e-05   22.4   0.0   2.0   2   0   0   2   2   2   1 Serine/threonine-protein kinase PDIK1L OS=Homo sapiens OX=9606 GN=PDIK1L PE=1 SV=1
sp|Q9H4A3|WNK1_HUMAN      -          muscle_uniref90_100_90 -            1.3e-06   26.8   0.0   1.3e-06   26.8   0.0   3.4   5   1   0   5   5   1   1 Serine/threonine-protein kinase WNK1 OS=Homo sapiens OX=9606 GN=WNK1 PE=1 SV=2
sp|P54756|EPHA5_HUMAN     -          muscle_uniref90_100_90 -            1.4e-06   26.8   0.0   2.1e-06   26.2   0.0   1.1   1   0   0   1   1   1   1 Ephrin type-A receptor 5 OS=Homo sapiens OX=9606 GN=EPHA5 PE=1 SV=3
sp|Q9P1W9|PIM2_HUMAN      -          muscle_uniref90_100_90 -            1.4e-06   26.7   0.0   1.8e-06   26.4   0.0   1.2   1   0   0   1   1   1   1 Serine/threonine-protein kinase pim-2 OS=Homo sapiens OX=9606 GN=PIM2 PE=1 SV=1
sp|Q5TCY1|TTBK1_HUMAN     -          muscle_uniref90_100_90 -            1.6e-06   26.6   9.4   1.2e-05   23.6   0.0   2.4   2   0   0   2   2   2   1 Tau-tubulin kinase 1 OS=Homo sapiens OX=9606 GN=TTBK1 PE=1 SV=2
sp|P36507|MP2K2_HUMAN     -          muscle_uniref90_100_90 -            2.3e-06   26.0   0.0   3.2e-06   25.6   0.0   1.1   1   0   0   1   1   1   1 Dual specificity mitogen-activated protein kinase kinase 2 OS=Homo sapiens OX=9606 GN=MAP2K2 PE=1 SV=1
sp|P50750|CDK9_HUMAN      -          muscle_uniref90_100_90 -            2.5e-06   25.9   0.4   4.8e-06   25.0   0.4   1.4   1   0   0   1   1   1   1 Cyclin-dependent kinase 9 OS=Homo sapiens OX=9606 GN=CDK9 PE=1 SV=3
sp|P09619|PGFRB_HUMAN     -          muscle_uniref90_100_90 -            3.1e-06   25.6   0.1   1.2e-05   23.7   0.0   1.7   2   0   0   2   2   2   1 Platelet-derived growth factor receptor beta OS=Homo sapiens OX=9606 GN=PDGFRB PE=1 SV=1
sp|Q38SD2|LRRK1_HUMAN     -          muscle_uniref90_100_90 -            3.7e-06   25.3   0.0   5.5e-06   24.8   0.0   1.1   1   0   0   1   1   1   1 Leucine-rich repeat serine/threonine-protein kinase 1 OS=Homo sapiens OX=9606 GN=LRRK1 PE=1 SV=3
sp|Q01973|ROR1_HUMAN      -          muscle_uniref90_100_90 -              4e-06   25.3   0.0   5.9e-06   24.7   0.0   1.1   1   0   0   1   1   1   1 Inactive tyrosine-protein kinase transmembrane receptor ROR1 OS=Homo sapiens OX=9606 GN=ROR1 PE=1 SV=2
sp|P35916|VGFR3_HUMAN     -          muscle_uniref90_100_90 -            4.6e-06   25.0   0.0     7e-06   24.4   0.0   1.1   1   0   0   1   1   1   1 Vascular endothelial growth factor receptor 3 OS=Homo sapiens OX=9606 GN=FLT4 PE=1 SV=3
sp|P21802|FGFR2_HUMAN     -          muscle_uniref90_100_90 -              6e-06   24.7   0.0   9.8e-06   24.0   0.0   1.2   1   0   0   1   1   1   1 Fibroblast growth factor receptor 2 OS=Homo sapiens OX=9606 GN=FGFR2 PE=1 SV=1
sp|Q6IQ55|TTBK2_HUMAN     -          muscle_uniref90_100_90 -            9.1e-06   24.1   0.0   1.8e-05   23.1   0.0   1.4   1   0   0   1   1   1   1 Tau-tubulin kinase 2 OS=Homo sapiens OX=9606 GN=TTBK2 PE=1 SV=2
sp|Q9UF33|EPHA6_HUMAN     -          muscle_uniref90_100_90 -            9.6e-06   24.0   0.1   1.8e-05   23.1   0.0   1.3   2   0   0   2   2   1   1 Ephrin type-A receptor 6 OS=Homo sapiens OX=9606 GN=EPHA6 PE=2 SV=3
sp|O75460|ERN1_HUMAN      -          muscle_uniref90_100_90 -            9.8e-06   24.0   0.0   1.5e-05   23.4   0.0   1.1   1   0   0   1   1   1   1 Serine/threonine-protein kinase/endoribonuclease IRE1 OS=Homo sapiens OX=9606 GN=ERN1 PE=1 SV=2
sp|Q02763|TIE2_HUMAN      -          muscle_uniref90_100_90 -            1.1e-05   23.8   0.0   2.6e-05   22.6   0.0   1.5   1   1   0   1   1   1   1 Angiopoietin-1 receptor OS=Homo sapiens OX=9606 GN=TEK PE=1 SV=2
sp|P48730|KC1D_HUMAN      -          muscle_uniref90_100_90 -            1.1e-05   23.7   0.0   1.5e-05   23.3   0.0   1.1   1   0   0   1   1   1   1 Casein kinase I isoform delta OS=Homo sapiens OX=9606 GN=CSNK1D PE=1 SV=2
sp|O00311|CDC7_HUMAN      -          muscle_uniref90_100_90 -            1.3e-05   23.5   2.5    0.0027   15.9   0.0   3.1   3   1   0   3   3   3   1 Cell division cycle 7-related protein kinase OS=Homo sapiens OX=9606 GN=CDC7 PE=1 SV=1
sp|P04049|RAF1_HUMAN      -          muscle_uniref90_100_90 -            1.4e-05   23.4   0.1     2e-05   22.9   0.1   1.2   1   0   0   1   1   1   1 RAF proto-oncogene serine/threonine-protein kinase OS=Homo sapiens OX=9606 GN=RAF1 PE=1 SV=1
sp|P49336|CDK8_HUMAN      -          muscle_uniref90_100_90 -            1.4e-05   23.4   0.4   2.7e-05   22.5   0.0   1.5   2   0   0   2   2   1   1 Cyclin-dependent kinase 8 OS=Homo sapiens OX=9606 GN=CDK8 PE=1 SV=1
sp|P35968|VGFR2_HUMAN     -          muscle_uniref90_100_90 -            1.5e-05   23.3   0.0   2.2e-05   22.8   0.0   1.1   1   0   0   1   1   1   1 Vascular endothelial growth factor receptor 2 OS=Homo sapiens OX=9606 GN=KDR PE=1 SV=2
sp|Q9BWU1|CDK19_HUMAN     -          muscle_uniref90_100_90 -            2.1e-05   22.9   0.0   2.1e-05   22.9   0.0   2.1   2   0   0   2   2   1   1 Cyclin-dependent kinase 19 OS=Homo sapiens OX=9606 GN=CDK19 PE=1 SV=1
sp|P30291|WEE1_HUMAN      -          muscle_uniref90_100_90 -            2.3e-05   22.8   0.0   4.4e-05   21.8   0.0   1.4   1   0   0   1   1   1   1 Wee1-like protein kinase OS=Homo sapiens OX=9606 GN=WEE1 PE=1 SV=2
sp|P49674|KC1E_HUMAN      -          muscle_uniref90_100_90 -              3e-05   22.4   0.0   3.6e-05   22.1   0.0   1.1   1   0   0   1   1   1   1 Casein kinase I isoform epsilon OS=Homo sapiens OX=9606 GN=CSNK1E PE=1 SV=1
sp|P07332|FES_HUMAN       -          muscle_uniref90_100_90 -            3.3e-05   22.2   0.2   0.00014   20.1   0.0   1.8   2   0   0   2   2   2   1 Tyrosine-protein kinase Fes/Fps OS=Homo sapiens OX=9606 GN=FES PE=1 SV=3
sp|Q9NZJ5|E2AK3_HUMAN     -          muscle_uniref90_100_90 -              4e-05   21.9   0.0   7.8e-05   21.0   0.0   1.4   1   0   0   1   1   1   1 Eukaryotic translation initiation factor 2-alpha kinase 3 OS=Homo sapiens OX=9606 GN=EIF2AK3 PE=1 SV=3
sp|Q9BQI3|E2AK1_HUMAN     -          muscle_uniref90_100_90 -              4e-05   21.9   0.7   0.00028   19.1   0.0   2.3   2   1   0   2   2   2   1 Eukaryotic translation initiation factor 2-alpha kinase 1 OS=Homo sapiens OX=9606 GN=EIF2AK1 PE=1 SV=2
sp|P04626|ERBB2_HUMAN     -          muscle_uniref90_100_90 -            4.1e-05   21.9   0.0   5.7e-05   21.4   0.0   1.1   1   0   0   1   1   1   1 Receptor tyrosine-protein kinase erbB-2 OS=Homo sapiens OX=9606 GN=ERBB2 PE=1 SV=1
sp|Q12851|M4K2_HUMAN      -          muscle_uniref90_100_90 -            4.5e-05   21.8   0.0   7.5e-05   21.0   0.0   1.2   1   0   0   1   1   1   1 Mitogen-activated protein kinase kinase kinase kinase 2 OS=Homo sapiens OX=9606 GN=MAP4K2 PE=1 SV=2
sp|Q8TDR2|STK35_HUMAN     -          muscle_uniref90_100_90 -            5.4e-05   21.5   0.0   0.00021   19.5   0.0   1.9   2   0   0   2   2   2   1 Serine/threonine-protein kinase 35 OS=Homo sapiens OX=9606 GN=STK35 PE=1 SV=2
sp|P22607|FGFR3_HUMAN     -          muscle_uniref90_100_90 -            6.1e-05   21.3   0.0   9.1e-05   20.8   0.0   1.1   1   0   0   1   1   1   1 Fibroblast growth factor receptor 3 OS=Homo sapiens OX=9606 GN=FGFR3 PE=1 SV=1
sp|P04629|NTRK1_HUMAN     -          muscle_uniref90_100_90 -            7.6e-05   21.0   0.0   0.00011   20.5   0.0   1.1   1   0   0   1   1   1   1 High affinity nerve growth factor receptor OS=Homo sapiens OX=9606 GN=NTRK1 PE=1 SV=4
sp|P21127|CD11B_HUMAN     -          muscle_uniref90_100_90 -            7.8e-05   21.0  25.7   7.8e-05   21.0  25.7   3.0   1   1   1   2   2   1   1 Cyclin-dependent kinase 11B OS=Homo sapiens OX=9606 GN=CDK11B PE=1 SV=4
sp|P52564|MP2K6_HUMAN     -          muscle_uniref90_100_90 -            8.3e-05   20.9   0.0   0.00015   20.0   0.0   1.4   2   0   0   2   2   1   1 Dual specificity mitogen-activated protein kinase kinase 6 OS=Homo sapiens OX=9606 GN=MAP2K6 PE=1 SV=1
sp|P11362|FGFR1_HUMAN     -          muscle_uniref90_100_90 -            8.8e-05   20.8   0.0   0.00017   19.9   0.0   1.3   1   0   0   1   1   1   1 Fibroblast growth factor receptor 1 OS=Homo sapiens OX=9606 GN=FGFR1 PE=1 SV=3
sp|P00540|MOS_HUMAN       -          muscle_uniref90_100_90 -             0.0001   20.6   0.0   0.00036   18.8   0.0   1.7   2   0   0   2   2   2   1 Proto-oncogene serine/threonine-protein kinase mos OS=Homo sapiens OX=9606 GN=MOS PE=1 SV=1
sp|P35590|TIE1_HUMAN      -          muscle_uniref90_100_90 -            0.00014   20.1   0.0   0.00061   18.0   0.0   1.7   1   1   0   1   1   1   1 Tyrosine-protein kinase receptor Tie-1 OS=Homo sapiens OX=9606 GN=TIE1 PE=1 SV=1
sp|P57078|RIPK4_HUMAN     -          muscle_uniref90_100_90 -            0.00016   19.9   0.0   0.00026   19.2   0.0   1.2   1   0   0   1   1   1   1 Receptor-interacting serine/threonine-protein kinase 4 OS=Homo sapiens OX=9606 GN=RIPK4 PE=1 SV=1
sp|P53667|LIMK1_HUMAN     -          muscle_uniref90_100_90 -            0.00017   19.9   0.9   0.00031   19.0   0.9   1.3   1   1   0   1   1   1   1 LIM domain kinase 1 OS=Homo sapiens OX=9606 GN=LIMK1 PE=1 SV=3
sp|P08581|MET_HUMAN       -          muscle_uniref90_100_90 -            0.00018   19.8   0.0   0.00026   19.2   0.0   1.1   1   0   0   1   1   1   1 Hepatocyte growth factor receptor OS=Homo sapiens OX=9606 GN=MET PE=1 SV=4
sp|P10398|ARAF_HUMAN      -          muscle_uniref90_100_90 -            0.00019   19.7   0.0   0.00029   19.1   0.0   1.2   1   0   0   1   1   1   1 Serine/threonine-protein kinase A-Raf OS=Homo sapiens OX=9606 GN=ARAF PE=1 SV=2
sp|Q96C45|ULK4_HUMAN      -          muscle_uniref90_100_90 -            0.00026   19.2   0.0   0.00039   18.6   0.0   1.2   1   0   0   1   1   1   1 Serine/threonine-protein kinase ULK4 OS=Homo sapiens OX=9606 GN=ULK4 PE=1 SV=2
sp|Q9HCP0|KC1G1_HUMAN     -          muscle_uniref90_100_90 -            0.00035   18.8   0.0   0.00049   18.3   0.0   1.2   1   0   0   1   1   1   1 Casein kinase I isoform gamma-1 OS=Homo sapiens OX=9606 GN=CSNK1G1 PE=1 SV=1
sp|Q2M2I8|AAK1_HUMAN      -          muscle_uniref90_100_90 -            0.00036   18.8   0.1   0.00036   18.8   0.1   2.2   2   0   0   2   2   1   1 AP2-associated protein kinase 1 OS=Homo sapiens OX=9606 GN=AAK1 PE=1 SV=3
sp|P00533|EGFR_HUMAN      -          muscle_uniref90_100_90 -            0.00052   18.2   0.0    0.0007   17.8   0.0   1.1   1   0   0   1   1   1   1 Epidermal growth factor receptor OS=Homo sapiens OX=9606 GN=EGFR PE=1 SV=2
sp|P78362|SRPK2_HUMAN     -          muscle_uniref90_100_90 -            0.00057   18.1   0.3     0.003   15.7   0.1   3.2   2   1   1   3   3   2   2 SRSF protein kinase 2 OS=Homo sapiens OX=9606 GN=SRPK2 PE=1 SV=3
sp|Q9Y6M4|KC1G3_HUMAN     -          muscle_uniref90_100_90 -            0.00067   17.9   2.2    0.0013   17.0   0.0   1.9   2   0   0   2   2   2   1 Casein kinase I isoform gamma-3 OS=Homo sapiens OX=9606 GN=CSNK1G3 PE=1 SV=2
sp|Q9UQ88|CD11A_HUMAN     -          muscle_uniref90_100_90 -            0.00067   17.9  29.3   0.00067   17.9  29.3   3.0   1   1   1   2   2   1   1 Cyclin-dependent kinase 11A OS=Homo sapiens OX=9606 GN=CDK11A PE=1 SV=4
sp|P78368|KC1G2_HUMAN     -          muscle_uniref90_100_90 -            0.00083   17.6   0.0    0.0011   17.1   0.0   1.1   1   0   0   1   1   1   1 Casein kinase I isoform gamma-2 OS=Homo sapiens OX=9606 GN=CSNK1G2 PE=1 SV=1
sp|P08922|ROS1_HUMAN      -          muscle_uniref90_100_90 -            0.00099   17.3   0.0    0.0014   16.8   0.0   1.1   1   0   0   1   1   1   1 Proto-oncogene tyrosine-protein kinase ROS OS=Homo sapiens OX=9606 GN=ROS1 PE=1 SV=3
sp|P06213|INSR_HUMAN      -          muscle_uniref90_100_90 -              0.001   17.2   0.0    0.0015   16.7   0.0   1.1   1   0   0   1   1   1   1 Insulin receptor OS=Homo sapiens OX=9606 GN=INSR PE=1 SV=4
sp|Q8N752|KC1AL_HUMAN     -          muscle_uniref90_100_90 -             0.0011   17.1   0.0    0.0011   17.1   0.0   1.6   2   0   0   2   2   1   1 Casein kinase I isoform alpha-like OS=Homo sapiens OX=9606 GN=CSNK1A1L PE=2 SV=2
sp|P15056|BRAF_HUMAN      -          muscle_uniref90_100_90 -             0.0011   17.1   0.0    0.0015   16.7   0.0   1.1   1   0   0   1   1   1   1 Serine/threonine-protein kinase B-raf OS=Homo sapiens OX=9606 GN=BRAF PE=1 SV=4
sp|Q13523|PRP4B_HUMAN     -          muscle_uniref90_100_90 -             0.0014   16.9   0.0    0.0014   16.9   0.0   4.6   4   1   1   5   5   2   1 Serine/threonine-protein kinase PRP4 homolog OS=Homo sapiens OX=9606 GN=PRPF4B PE=1 SV=3
sp|O75716|STK16_HUMAN     -          muscle_uniref90_100_90 -             0.0014   16.8   0.0      0.25    9.4   0.0   2.0   2   0   0   2   2   2   1 Serine/threonine-protein kinase 16 OS=Homo sapiens OX=9606 GN=STK16 PE=1 SV=4
sp|Q15569|TESK1_HUMAN     -          muscle_uniref90_100_90 -             0.0016   16.7   0.0    0.0022   16.2   0.0   1.1   1   0   0   1   1   1   1 Dual specificity testis-specific protein kinase 1 OS=Homo sapiens OX=9606 GN=TESK1 PE=1 SV=2
sp|P22455|FGFR4_HUMAN     -          muscle_uniref90_100_90 -             0.0016   16.6   0.0    0.0023   16.1   0.0   1.1   1   0   0   1   1   1   1 Fibroblast growth factor receptor 4 OS=Homo sapiens OX=9606 GN=FGFR4 PE=1 SV=2
sp|Q8TAS1|UHMK1_HUMAN     -          muscle_uniref90_100_90 -             0.0018   16.5   0.0    0.0039   15.4   0.0   1.5   1   1   0   1   1   1   1 Serine/threonine-protein kinase Kist OS=Homo sapiens OX=9606 GN=UHMK1 PE=1 SV=2
sp|Q16288|NTRK3_HUMAN     -          muscle_uniref90_100_90 -             0.0027   15.9   0.2    0.0064   14.6   0.2   1.5   1   1   0   1   1   1   1 NT-3 growth factor receptor OS=Homo sapiens OX=9606 GN=NTRK3 PE=1 SV=2
sp|Q9Y572|RIPK3_HUMAN     -          muscle_uniref90_100_90 -             0.0037   15.4   0.0     0.012   13.8   0.0   1.7   2   1   0   2   2   1   1 Receptor-interacting serine/threonine-protein kinase 3 OS=Homo sapiens OX=9606 GN=RIPK3 PE=1 SV=2
sp|P29322|EPHA8_HUMAN     -          muscle_uniref90_100_90 -             0.0042   15.3   0.0    0.0057   14.8   0.0   1.1   1   0   0   1   1   1   1 Ephrin type-A receptor 8 OS=Homo sapiens OX=9606 GN=EPHA8 PE=1 SV=2
sp|P0C263|SBK2_HUMAN      -          muscle_uniref90_100_90 -             0.0048   15.1   0.0    0.0063   14.7   0.0   1.1   1   0   0   1   1   1   1 Serine/threonine-protein kinase SBK2 OS=Homo sapiens OX=9606 GN=SBK2 PE=3 SV=2
sp|Q96RU7|TRIB3_HUMAN     -          muscle_uniref90_100_90 -             0.0048   15.0   0.0    0.0088   14.2   0.0   1.3   1   0   0   1   1   1   1 Tribbles homolog 3 OS=Homo sapiens OX=9606 GN=TRIB3 PE=1 SV=2
sp|O14976|GAK_HUMAN       -          muscle_uniref90_100_90 -             0.0061   14.7   0.8    0.0092   14.1   0.0   1.6   2   0   0   2   2   1   1 Cyclin-G-associated kinase OS=Homo sapiens OX=9606 GN=GAK PE=1 SV=2
sp|Q8TEA7|TBCK_HUMAN      -          muscle_uniref90_100_90 -             0.0062   14.7   0.0    0.0099   14.0   0.0   1.2   1   0   0   1   1   1   1 TBC domain-containing protein kinase-like protein OS=Homo sapiens OX=9606 GN=TBCK PE=1 SV=4
sp|P08069|IGF1R_HUMAN     -          muscle_uniref90_100_90 -              0.013   13.6   0.0      0.02   13.0   0.0   1.2   1   0   0   1   1   1   0 Insulin-like growth factor 1 receptor OS=Homo sapiens OX=9606 GN=IGF1R PE=1 SV=1
sp|P48729|KC1A_HUMAN      -          muscle_uniref90_100_90 -              0.014   13.5   0.0     0.014   13.5   0.0   1.4   2   0   0   2   2   1   0 Casein kinase I isoform alpha OS=Homo sapiens OX=9606 GN=CSNK1A1 PE=1 SV=2
sp|Q9UM73|ALK_HUMAN       -          muscle_uniref90_100_90 -              0.014   13.5   0.0     0.021   12.9   0.0   1.1   1   0   0   1   1   1   0 ALK tyrosine kinase receptor OS=Homo sapiens OX=9606 GN=ALK PE=1 SV=3
sp|P0C264|SBK3_HUMAN      -          muscle_uniref90_100_90 -              0.016   13.3   0.0     0.023   12.8   0.0   1.1   1   0   0   1   1   1   0 Uncharacterized serine/threonine-protein kinase SBK3 OS=Homo sapiens OX=9606 GN=SBK3 PE=3 SV=2
sp|Q8NE28|STKL1_HUMAN     -          muscle_uniref90_100_90 -              0.023   12.8   0.1     0.034   12.3   0.1   1.1   1   0   0   1   1   1   0 Serine/threonine kinase-like domain-containing protein STKLD1 OS=Homo sapiens OX=9606 GN=STKLD1 PE=2 SV=5
sp|P53671|LIMK2_HUMAN     -          muscle_uniref90_100_90 -              0.032   12.3   2.3      0.14   10.1   2.3   1.8   1   1   0   1   1   1   0 LIM domain kinase 2 OS=Homo sapiens OX=9606 GN=LIMK2 PE=1 SV=1
sp|Q04912|RON_HUMAN       -          muscle_uniref90_100_90 -              0.038   12.1   0.0     0.054   11.6   0.0   1.1   1   0   0   1   1   1   0 Macrophage-stimulating protein receptor OS=Homo sapiens OX=9606 GN=MST1R PE=1 SV=3
sp|Q16832|DDR2_HUMAN      -          muscle_uniref90_100_90 -              0.042   11.9   0.1      0.29    9.2   0.1   1.8   1   1   0   1   1   1   0 Discoidin domain-containing receptor 2 OS=Homo sapiens OX=9606 GN=DDR2 PE=1 SV=2
sp|Q8NFD2|ANKK1_HUMAN     -          muscle_uniref90_100_90 -              0.042   11.9   0.0     0.057   11.5   0.0   1.1   1   0   0   1   1   1   0 Ankyrin repeat and protein kinase domain-containing protein 1 OS=Homo sapiens OX=9606 GN=ANKK1 PE=2 SV=1
sp|P20226|TBP_HUMAN       -          muscle_uniref90_100_90 -              0.072   11.1  13.1     0.086   10.9  13.1   1.0   1   0   0   1   1   1   0 TATA-box-binding protein OS=Homo sapiens OX=9606 GN=TBP PE=1 SV=2
sp|Q13308|PTK7_HUMAN      -          muscle_uniref90_100_90 -               0.12   10.5   0.0      0.17    9.9   0.0   1.1   1   0   0   1   1   1   0 Inactive tyrosine-protein kinase 7 OS=Homo sapiens OX=9606 GN=PTK7 PE=1 SV=2
sp|Q08345|DDR1_HUMAN      -          muscle_uniref90_100_90 -               0.14   10.2   0.0       1.6    6.7   0.0   1.9   2   0   0   2   2   2   0 Epithelial discoidin domain-containing receptor 1 OS=Homo sapiens OX=9606 GN=DDR1 PE=1 SV=1
sp|Q99986|VRK1_HUMAN      -          muscle_uniref90_100_90 -               0.18    9.9   2.2      0.32    9.0   0.0   1.9   2   0   0   2   2   2   0 Serine/threonine-protein kinase VRK1 OS=Homo sapiens OX=9606 GN=VRK1 PE=1 SV=1
sp|Q13705|AVR2B_HUMAN     -          muscle_uniref90_100_90 -               0.32    9.0   0.0      0.45    8.5   0.0   1.1   1   0   0   1   1   1   0 Activin receptor type-2B OS=Homo sapiens OX=9606 GN=ACVR2B PE=1 SV=3
sp|Q8NEB7|ACRBP_HUMAN     -          muscle_uniref90_100_90 -               0.34    8.9   8.5      0.44    8.6   8.5   1.1   1   0   0   1   1   1   0 Acrosin-binding protein OS=Homo sapiens OX=9606 GN=ACRBP PE=2 SV=1
sp|Q04323|UBXN1_HUMAN     -          muscle_uniref90_100_90 -                1.1    7.3   6.4       1.1    7.3   6.4   1.0   1   0   0   1   1   1   0 UBX domain-containing protein 1 OS=Homo sapiens OX=9606 GN=UBXN1 PE=1 SV=2
sp|Q96EK4|THA11_HUMAN     -          muscle_uniref90_100_90 -                3.9    5.4  12.5       5.1    5.0  12.5   1.1   1   0   0   1   1   1   0 THAP domain-containing protein 11 OS=Homo sapiens OX=9606 GN=THAP11 PE=1 SV=2
sp|P50579|MAP2_HUMAN      -          muscle_uniref90_100_90 -                4.7    5.2   9.0       5.9    4.8   9.0   1.1   1   0   0   1   1   1   0 Methionine aminopeptidase 2 OS=Homo sapiens OX=9606 GN=METAP2 PE=1 SV=1
sp|P26436|ASPX_HUMAN      -          muscle_uniref90_100_90 -                6.4    4.7   8.0       7.5    4.5   8.0   1.0   1   0   0   1   1   1   0 Acrosomal protein SP-10 OS=Homo sapiens OX=9606 GN=ACRV1 PE=1 SV=2
sp|Q9H1B7|I2BPL_HUMAN     -          muscle_uniref90_100_90 -                6.9    4.6   7.5        12    3.8   7.5   1.3   1   0   0   1   1   1   0 Interferon regulatory factor 2-binding protein-like OS=Homo sapiens OX=9606 GN=IRF2BPL PE=1 SV=1
sp|P35498|SCN1A_HUMAN     -          muscle_uniref90_100_90 -                7.1    4.6  11.3        11    3.9  11.3   1.2   1   0   0   1   1   1   0 Sodium channel protein type 1 subunit alpha OS=Homo sapiens OX=9606 GN=SCN1A PE=1 SV=2
sp|Q8N5F7|NKAP_HUMAN      -          muscle_uniref90_100_90 -                7.4    4.5  23.6        11    3.9  23.6   1.2   1   0   0   1   1   1   0 NF-kappa-B-activating protein OS=Homo sapiens OX=9606 GN=NKAP PE=1 SV=1
sp|Q96HY6|DDRGK_HUMAN     -          muscle_uniref90_100_90 -                8.1    4.4  14.4        10    4.1  14.4   1.0   1   0   0   1   1   1   0 DDRGK domain-containing protein 1 OS=Homo sapiens OX=9606 GN=DDRGK1 PE=1 SV=2
#
# Program:         hmmsearch
# Version:         3.1b2 (February 2015)
# Pipeline mode:   SEARCH
# Query file:      uniref90_100_90.hmm
# Target file:     ../data/uniprotkb_homo_sapiens.fasta
# Option settings: hmmsearch --tblout ./hmm search results/uniref90_100_90_against_homo.out uniref90_100_90.hmm ../data/uniprotkb_homo_sapiens.fasta 
# Current dir:     /mnt/c/Users/marco/Documents/Universita/Magistrale/II Anno/BD/Project/5_hmms
# Date:            Tue Jan 29 16:03:36 2019
# [ok]
