CAMK MLCK
Q9H1R3: hsa:85366
Q32MK0: hsa:91807
Q86YV6: hsa:340156
Q15746: hsa:4638

CAMK DAPK
Q9UIK4: hsa:23604
P53355: hsa:1612
O43293: hsa:1613
Q9UEE5: hsa:9263
O94768: hsa:9262

AGK RSK
Q15418: hsa:6195
P51812: hsa:6197
Q15349: hsa:6196
Q9UK32: hsa:27330
O75582: hsa:9252
O75676: hsa:8986

CAMK PSK
P11801: hsa:5681
Q96QS6: hsa:85481

CAMK CAMK1
Q8IU85: hsa:57118
Q16566: hsa:814
Q14012: hsa:8536
Q96NX5: hsa:57172
Q6P2M8: hsa:139728

CAMK Trio
O60229: hsa:8997
O75962: hsa:7204

CAMK CAMK2
Q9UQM7: hsa:815
Q13557: hsa:817
Q13554: hsa:816
Q13555: hsa:818

CAMK PKD
O94806: hsa:23683
Q15139: hsa:5587
Q9BZL6: hsa:25865

CAMK DCAMKL
O15075: hsa:9201
Q8N568: hsa:166614

CAMK CAMK-Unique
Q8NCB2: hsa:79012
Q9BYT3: hsa:65975

CAMK PHK
Q16816: hsa:5260
P15735: hsa:5261

CAMK MAPKAPK
Q9HBH9: hsa:2872
Q16644: hsa:7867
P49137: hsa:9261
Q9BUB5: hsa:8569
Q8IW41: hsa:8550

CAMK RAD53
O96017: hsa:11200

CAMK CAMKL
O60285: hsa:9891
Q13131: hsa:5562
Q9H093: hsa:81788

Other PLK
O00444: hsa:10733

UNIDENTIFIED
Q6PHR2: hsa:25989
Q15772: hsa:10290
Q5VST9: hsa:84033
Q8WZ42: hsa:7273
Q9C098: hsa:85443
Q9NRH2: hsa:54861