CAMK MLCK
Q9H1R3: 9606.ENSP00000365152
Q32MK0: 9606.ENSP00000378288
Q86YV6: 9606.ENSP00000274643
Q15746: 9606.ENSP00000353452

CAMK DAPK
Q9UIK4: 9606.ENSP00000261891
P53355: 9606.ENSP00000350785
O43293: 9606.ENSP00000301264
Q9UEE5: 9606.ENSP00000319192
O94768: 9606.ENSP00000263955

AGK RSK
Q15418: 9606.ENSP00000435412
P51812: 9606.ENSP00000368884
O75582: 9606.ENSP00000261991
O75676: 9606.ENSP00000333896
Q9UK32: 9606.ENSP00000262752
Q15349: 9606.ENSP00000427015

CAMK PSK
P11801: 9606.ENSP00000291041
Q96QS6: 9606.ENSP00000276616

CAMK CAMK1
Q8IU85: 9606.ENSP00000368124
Q96NX5: 9606.ENSP00000009105
Q14012: 9606.ENSP00000256460
Q6P2M8: 9606.ENSP00000405950
Q16566: 9606.ENSP00000282356

CAMK Trio
O60229: 9606.ENSP00000240874
O75962: 9606.ENSP00000339299

CAMK CAMK2
Q9UQM7: 9606.ENSP00000381412
Q13554: 9606.ENSP00000379098
Q13555: 9606.ENSP00000319060
Q13557: 9606.ENSP00000339740

CAMK PKD
O94806: 9606.ENSP00000234179
Q15139: 9606.ENSP00000333568
Q9BZL6: 9606.ENSP00000291281

CAMK DCAMKL
O15075: 9606.ENSP00000255448
Q8N568: 9606.ENSP00000303887

CAMK CAMK-Unique
Q8NCB2: 9606.ENSP00000419195
Q9BYT3: 9606.ENSP00000320754

CAMK PHK
Q16816: 9606.ENSP00000297373
P15735: 9606.ENSP00000455607

CAMK MAPKAPK
Q9HBH9: 9606.ENSP00000250896
Q8IW41: 9606.ENSP00000202788
P49137: 9606.ENSP00000356070
Q16644: 9606.ENSP00000350639
Q9BUB5: 9606.ENSP00000361014

CAMK CAMKL
O60285: 9606.ENSP00000261402
Q9H093: 9606.ENSP00000356125
Q13131: 9606.ENSP00000346148

Other PLK
O00444: 9606.ENSP00000270861

UNIDENTIFIED
Q9NRH2: 9606.ENSP00000296088
Q15772: 9606.ENSP00000311684
Q8WZ42: 9606.ENSP00000343764
Q9C098: 9606.ENSP00000394484
Q6PHR2: 9606.ENSP00000400312